Using pre-set license
Built from '2020.3/staging' branch; Version is '2020.3.3f1 (76626098c1c4) revision 7758432'; Using compiler version '192528614'; Build Type 'Release'
OS: 'Windows 10 Pro; OS build 19042.1083; Version 2009; 64bit' Language: 'zh' Physical Memory: 32691 MB
BatchMode: 1, IsHumanControllingUs: 0, StartBugReporterOnCrash: 0, Is64bit: 1, IsPro: 0

 COMMAND LINE ARGUMENTS:
C:\Program Files\Unity\Hub\Editor\2020.3.3f1\Editor\Unity.exe
-adb2
-batchMode
-noUpm
-name
AssetImportWorker0
-projectPath
E:/github/Programming-Lab/programming lab1
-logFile
Logs/AssetImportWorker0.log
-srvPort
52369
Successfully changed project path to: E:/github/Programming-Lab/programming lab1
E:/github/Programming-Lab/programming lab1
Using Asset Import Pipeline V2.
Refreshing native plugins compatible for Editor in 22.03 ms, found 0 plugins.
Preloading 0 native plugins for Editor in 0.00 ms.
Initialize engine version: 2020.3.3f1 (76626098c1c4)
[Subsystems] Discovering subsystems at path C:/Program Files/Unity/Hub/Editor/2020.3.3f1/Editor/Data/Resources/UnitySubsystems
[Subsystems] Discovering subsystems at path E:/github/Programming-Lab/programming lab1/Assets
GfxDevice: creating device client; threaded=0
Direct3D:
    Version:  Direct3D 11.0 [level 11.1]
    Renderer: NVIDIA GeForce RTX 2080 Ti (ID=0x1e07)
    Vendor:   
    VRAM:     11048 MB
    Driver:   27.21.14.6677
Initialize mono
Mono path[0] = 'C:/Program Files/Unity/Hub/Editor/2020.3.3f1/Editor/Data/Managed'
Mono path[1] = 'C:/Program Files/Unity/Hub/Editor/2020.3.3f1/Editor/Data/MonoBleedingEdge/lib/mono/unityjit'
Mono config path = 'C:/Program Files/Unity/Hub/Editor/2020.3.3f1/Editor/Data/MonoBleedingEdge/etc'
Using monoOptions --debugger-agent=transport=dt_socket,embedding=1,server=y,suspend=n,address=127.0.0.1:56848
Begin MonoManager ReloadAssembly
Registering precompiled unity dll's ...
Register platform support module: C:/Program Files/Unity/Hub/Editor/2020.3.3f1/Editor/Data/PlaybackEngines/WindowsStandaloneSupport/UnityEditor.WindowsStandalone.Extensions.dll
Registered in 0.001716 seconds.
Native extension for WindowsStandalone target not found
Refreshing native plugins compatible for Editor in 21.82 ms, found 0 plugins.
Preloading 0 native plugins for Editor in 0.00 ms.
Invoked RoslynAnalysisRunner static constructor.
RoslynAnalysisRunner will not be running.
RoslynAnalysisRunner has terminated.
Mono: successfully reloaded assembly
- Completed reload, in  1.013 seconds
Platform modules already initialized, skipping
Registering precompiled user dll's ...
Registered in 0.000405 seconds.
Begin MonoManager ReloadAssembly
Native extension for WindowsStandalone target not found
Refreshing native plugins compatible for Editor in 0.16 ms, found 0 plugins.
Preloading 0 native plugins for Editor in 0.00 ms.
Invoked RoslynAnalysisRunner static constructor.
RoslynAnalysisRunner will not be running.
RoslynAnalysisRunner has terminated.
Mono: successfully reloaded assembly
- Completed reload, in  0.774 seconds
Platform modules already initialized, skipping
========================================================================
Worker process is ready to serve import requests
Launched and connected shader compiler UnityShaderCompiler.exe after 0.06 seconds
Refreshing native plugins compatible for Editor in 0.15 ms, found 0 plugins.
Preloading 0 native plugins for Editor in 0.00 ms.
Unloading 1115 Unused Serialized files (Serialized files now loaded: 0)
System memory in use before: 69.0 MB.
System memory in use after: 69.0 MB.

Unloading 10 unused Assets to reduce memory usage. Loaded Objects now: 1571.
Total: 1.245300 ms (FindLiveObjects: 0.100800 ms CreateObjectMapping: 0.034400 ms MarkObjects: 1.049400 ms  DeleteObjects: 0.060100 ms)

========================================================================
Received Import Request.
  path: Assets/New Terrain.asset
  artifactKey: Guid(3a65fa805c051bd45a32a1702989b10e) Importer(815301076,1909f56bfc062723c751e8b465ee728b)
Start importing Assets/New Terrain.asset using Guid(3a65fa805c051bd45a32a1702989b10e) Importer(815301076,1909f56bfc062723c751e8b465ee728b)  -> (artifact id: '4faec7d2520048c3e98d0cd7fe9d0a64') in 0.047494 seconds
  Import took 0.052871 seconds .

========================================================================
Received Import Request.
  Time since last request: 275.571275 seconds.
  path: Assets/Script
  artifactKey: Guid(907acda70bf82e24281c3a5b4a9b38e2) Importer(815301076,1909f56bfc062723c751e8b465ee728b)
Start importing Assets/Script using Guid(907acda70bf82e24281c3a5b4a9b38e2) Importer(815301076,1909f56bfc062723c751e8b465ee728b)  -> (artifact id: '16ff38620257d3d655aaab38acd0bf31') in 0.005547 seconds
  Import took 0.015783 seconds .

========================================================================
Received Import Request.
  Time since last request: 0.004340 seconds.
  path: Assets/Script
  artifactKey: Guid(907acda70bf82e24281c3a5b4a9b38e2) Importer(815301076,1909f56bfc062723c751e8b465ee728b)
Start importing Assets/Script using Guid(907acda70bf82e24281c3a5b4a9b38e2) Importer(815301076,1909f56bfc062723c751e8b465ee728b)  -> (artifact id: '16ff38620257d3d655aaab38acd0bf31') in 0.004274 seconds
  Import took 0.005830 seconds .

========================================================================
Received Import Request.
  Time since last request: 11.106454 seconds.
  path: Assets/Script/Inventory.cs
  artifactKey: Guid(4b7e6475c6cea5a45a7f3dcde2786a68) Importer(815301076,1909f56bfc062723c751e8b465ee728b)
Start importing Assets/Script/Inventory.cs using Guid(4b7e6475c6cea5a45a7f3dcde2786a68) Importer(815301076,1909f56bfc062723c751e8b465ee728b)  -> (artifact id: '236ae854bac3c5547f3b3fa233ca6dd5') in 0.010271 seconds
  Import took 0.012580 seconds .

========================================================================
Received Prepare
Registering precompiled user dll's ...
Registered in 0.000368 seconds.
Begin MonoManager ReloadAssembly
Native extension for WindowsStandalone target not found
Refreshing native plugins compatible for Editor in 0.25 ms, found 0 plugins.
Preloading 0 native plugins for Editor in 0.00 ms.
Invoked RoslynAnalysisRunner static constructor.
RoslynAnalysisRunner will not be running.
RoslynAnalysisRunner has terminated.
Mono: successfully reloaded assembly
- Completed reload, in  0.696 seconds
Platform modules already initialized, skipping
Refreshing native plugins compatible for Editor in 0.16 ms, found 0 plugins.
Preloading 0 native plugins for Editor in 0.00 ms.
Unloading 1111 Unused Serialized files (Serialized files now loaded: 0)
System memory in use before: 69.0 MB.
System memory in use after: 69.0 MB.

Unloading 5 unused Assets to reduce memory usage. Loaded Objects now: 1575.
Total: 1.158800 ms (FindLiveObjects: 0.098600 ms CreateObjectMapping: 0.028800 ms MarkObjects: 0.989700 ms  DeleteObjects: 0.041000 ms)

========================================================================
Received Import Request.
  Time since last request: 49.557716 seconds.
  path: Assets/Script/Item.cs
  artifactKey: Guid(9ce89704e0344044dad083f639ef47a1) Importer(815301076,1909f56bfc062723c751e8b465ee728b)
Start importing Assets/Script/Item.cs using Guid(9ce89704e0344044dad083f639ef47a1) Importer(815301076,1909f56bfc062723c751e8b465ee728b)  -> (artifact id: '1e89074442b40f6fab97064abd6f237f') in 0.008775 seconds
  Import took 0.230806 seconds .

========================================================================
Received Prepare
Registering precompiled user dll's ...
Registered in 0.000383 seconds.
Begin MonoManager ReloadAssembly
Native extension for WindowsStandalone target not found
Refreshing native plugins compatible for Editor in 0.17 ms, found 0 plugins.
Preloading 0 native plugins for Editor in 0.00 ms.
Invoked RoslynAnalysisRunner static constructor.
RoslynAnalysisRunner will not be running.
RoslynAnalysisRunner has terminated.
Mono: successfully reloaded assembly
- Completed reload, in  0.775 seconds
Platform modules already initialized, skipping
Refreshing native plugins compatible for Editor in 0.15 ms, found 0 plugins.
Preloading 0 native plugins for Editor in 0.00 ms.
Unloading 1112 Unused Serialized files (Serialized files now loaded: 0)
System memory in use before: 69.0 MB.
System memory in use after: 69.1 MB.

Unloading 5 unused Assets to reduce memory usage. Loaded Objects now: 1579.
Total: 1.570500 ms (FindLiveObjects: 0.156700 ms CreateObjectMapping: 0.049600 ms MarkObjects: 1.316400 ms  DeleteObjects: 0.046800 ms)

========================================================================
Received Import Request.
  Time since last request: 447.525799 seconds.
  path: Packages/com.unity.ext.nunit/package.json
  artifactKey: Guid(8143d3a8390f2c64685e3bc272bd9e90) Importer(815301076,1909f56bfc062723c751e8b465ee728b)
Start importing Packages/com.unity.ext.nunit/package.json using Guid(8143d3a8390f2c64685e3bc272bd9e90) Importer(815301076,1909f56bfc062723c751e8b465ee728b)  -> (artifact id: '7f2c54a45364b731cf13813a76f19903') in 0.027138 seconds
  Import took 0.035429 seconds .

========================================================================
Received Import Request.
  Time since last request: 0.402192 seconds.
  path: Packages/com.unity.ide.rider/package.json
  artifactKey: Guid(66c95bb3c74257f41bae2622511dc02d) Importer(815301076,1909f56bfc062723c751e8b465ee728b)
Start importing Packages/com.unity.ide.rider/package.json using Guid(66c95bb3c74257f41bae2622511dc02d) Importer(815301076,1909f56bfc062723c751e8b465ee728b)  -> (artifact id: 'acc695bfcf38eb498902ab2cd6e7c2d2') in 0.016903 seconds
  Import took 0.018497 seconds .

========================================================================
Received Import Request.
  Time since last request: 0.395277 seconds.
  path: Packages/com.unity.test-framework/package.json
  artifactKey: Guid(d6a2e6e4803de7b43baacdc355fc144d) Importer(815301076,1909f56bfc062723c751e8b465ee728b)
Start importing Packages/com.unity.test-framework/package.json using Guid(d6a2e6e4803de7b43baacdc355fc144d) Importer(815301076,1909f56bfc062723c751e8b465ee728b)  -> (artifact id: '87d4f89fba4373604071d2293d98085c') in 0.009758 seconds
  Import took 0.022050 seconds .

========================================================================
Received Import Request.
  Time since last request: 0.364897 seconds.
  path: Packages/com.unity.textmeshpro/package.json
  artifactKey: Guid(220e9325710f4235a43492dd1ee4980d) Importer(815301076,1909f56bfc062723c751e8b465ee728b)
Start importing Packages/com.unity.textmeshpro/package.json using Guid(220e9325710f4235a43492dd1ee4980d) Importer(815301076,1909f56bfc062723c751e8b465ee728b)  -> (artifact id: 'c9119f0fd161d92f7007f10e51875bd3') in 0.028783 seconds
  Import took 0.030967 seconds .

========================================================================
Received Import Request.
  Time since last request: 0.491602 seconds.
  path: Packages/com.unity.collab-proxy/package.json
  artifactKey: Guid(743fda8c4b219c8429fb5a77ede1c879) Importer(815301076,1909f56bfc062723c751e8b465ee728b)
Start importing Packages/com.unity.collab-proxy/package.json using Guid(743fda8c4b219c8429fb5a77ede1c879) Importer(815301076,1909f56bfc062723c751e8b465ee728b)  -> (artifact id: '3a0d640c32e098b77eaa0c481c65cc64') in 0.014380 seconds
  Import took 0.016821 seconds .

========================================================================
Received Import Request.
  Time since last request: 0.560710 seconds.
  path: Packages/com.unity.timeline/package.json
  artifactKey: Guid(13a9c1b4df2e489e8eb9cacca7429596) Importer(815301076,1909f56bfc062723c751e8b465ee728b)
Start importing Packages/com.unity.timeline/package.json using Guid(13a9c1b4df2e489e8eb9cacca7429596) Importer(815301076,1909f56bfc062723c751e8b465ee728b)  -> (artifact id: '09144c7e5b964b5c91dce928afb4eb44') in 0.038140 seconds
  Import took 0.082366 seconds .

========================================================================
Received Import Request.
  Time since last request: 0.300607 seconds.
  path: Packages/com.unity.ugui/package.json
  artifactKey: Guid(319b8889f363f5947acf209c17a94149) Importer(815301076,1909f56bfc062723c751e8b465ee728b)
Start importing Packages/com.unity.ugui/package.json using Guid(319b8889f363f5947acf209c17a94149) Importer(815301076,1909f56bfc062723c751e8b465ee728b)  -> (artifact id: 'afcafef3d83d32e2397f27795128df39') in 0.012049 seconds
  Import took 0.014070 seconds .

========================================================================
Received Import Request.
  Time since last request: 0.325461 seconds.
  path: Packages/com.unity.ide.visualstudio/package.json
  artifactKey: Guid(656f74f6edaa396458412b9e3903d8cd) Importer(815301076,1909f56bfc062723c751e8b465ee728b)
Start importing Packages/com.unity.ide.visualstudio/package.json using Guid(656f74f6edaa396458412b9e3903d8cd) Importer(815301076,1909f56bfc062723c751e8b465ee728b)  -> (artifact id: '24a52f48ff9e34bc9ef6658f10f2ad4c') in 0.021347 seconds
  Import took 0.030689 seconds .

========================================================================
Received Import Request.
  Time since last request: 0.406534 seconds.
  path: Packages/com.unity.ide.vscode/package.json
  artifactKey: Guid(ffc6271f08270b64ca0aae9c49235d81) Importer(815301076,1909f56bfc062723c751e8b465ee728b)
Start importing Packages/com.unity.ide.vscode/package.json using Guid(ffc6271f08270b64ca0aae9c49235d81) Importer(815301076,1909f56bfc062723c751e8b465ee728b)  -> (artifact id: '9ce4b249c9ce0375001f2b90b5e05856') in 0.017216 seconds
  Import took 0.020532 seconds .

========================================================================
Received Prepare
Registering precompiled user dll's ...
Registered in 0.000437 seconds.
Begin MonoManager ReloadAssembly
Native extension for WindowsStandalone target not found
Refreshing native plugins compatible for Editor in 0.18 ms, found 0 plugins.
Preloading 0 native plugins for Editor in 0.00 ms.
Invoked RoslynAnalysisRunner static constructor.
RoslynAnalysisRunner will not be running.
RoslynAnalysisRunner has terminated.
Mono: successfully reloaded assembly
- Completed reload, in  0.737 seconds
Platform modules already initialized, skipping
Refreshing native plugins compatible for Editor in 0.17 ms, found 0 plugins.
Preloading 0 native plugins for Editor in 0.00 ms.
Unloading 1130 Unused Serialized files (Serialized files now loaded: 0)
System memory in use before: 69.5 MB.
System memory in use after: 69.5 MB.

Unloading 5 unused Assets to reduce memory usage. Loaded Objects now: 1600.
Total: 1.189800 ms (FindLiveObjects: 0.104900 ms CreateObjectMapping: 0.029800 ms MarkObjects: 1.009600 ms  DeleteObjects: 0.044600 ms)

========================================================================
Received Import Request.
  Time since last request: 358.946196 seconds.
  path: Assets/Invector-3rdPersonController_LITE/3D Models
  artifactKey: Guid(df7a237ce1e4b05448d6e510b58bfa45) Importer(815301076,1909f56bfc062723c751e8b465ee728b)
Start importing Assets/Invector-3rdPersonController_LITE/3D Models using Guid(df7a237ce1e4b05448d6e510b58bfa45) Importer(815301076,1909f56bfc062723c751e8b465ee728b)  -> (artifact id: '5398eeec511dc2ba8e9be6cce275d4d2') in 0.009211 seconds
  Import took 0.017675 seconds .

========================================================================
Received Import Request.
  Time since last request: 0.001414 seconds.
  path: Assets/Invector-3rdPersonController_LITE/3D Models
  artifactKey: Guid(df7a237ce1e4b05448d6e510b58bfa45) Importer(815301076,1909f56bfc062723c751e8b465ee728b)
Start importing Assets/Invector-3rdPersonController_LITE/3D Models using Guid(df7a237ce1e4b05448d6e510b58bfa45) Importer(815301076,1909f56bfc062723c751e8b465ee728b)  -> (artifact id: '5398eeec511dc2ba8e9be6cce275d4d2') in 0.004440 seconds
  Import took 0.005891 seconds .

========================================================================
Received Import Request.
  Time since last request: 2.165247 seconds.
  path: Assets/Invector-3rdPersonController_LITE/Prefabs/ThirdPersonController_LITE.prefab
  artifactKey: Guid(fc9b148a2950aaf4cba8422632222c5d) Importer(815301076,1909f56bfc062723c751e8b465ee728b)
Start importing Assets/Invector-3rdPersonController_LITE/Prefabs/ThirdPersonController_LITE.prefab using Guid(fc9b148a2950aaf4cba8422632222c5d) Importer(815301076,1909f56bfc062723c751e8b465ee728b)  -> (artifact id: '1bf4638e0101361371804f40400227d6') in 0.435184 seconds
  Import took 0.439955 seconds .

========================================================================
Received Import Request.
  Time since last request: 0.001221 seconds.
  path: Assets/Invector-3rdPersonController_LITE/Prefabs/vThirdPersonCamera_LITE.prefab
  artifactKey: Guid(330efb0e9eed825408809c121441b8a5) Importer(815301076,1909f56bfc062723c751e8b465ee728b)
Start importing Assets/Invector-3rdPersonController_LITE/Prefabs/vThirdPersonCamera_LITE.prefab using Guid(330efb0e9eed825408809c121441b8a5) Importer(815301076,1909f56bfc062723c751e8b465ee728b)  -> (artifact id: '9511e80ba37a98f3550b50ac490cda43') in 0.008948 seconds
  Import took 0.010500 seconds .

========================================================================
Received Prepare
Registering precompiled user dll's ...
Registered in 0.000433 seconds.
Begin MonoManager ReloadAssembly
Native extension for WindowsStandalone target not found
Refreshing native plugins compatible for Editor in 0.18 ms, found 0 plugins.
Preloading 0 native plugins for Editor in 0.00 ms.
Invoked RoslynAnalysisRunner static constructor.
RoslynAnalysisRunner will not be running.
RoslynAnalysisRunner has terminated.
Mono: successfully reloaded assembly
- Completed reload, in  0.699 seconds
Platform modules already initialized, skipping
Refreshing native plugins compatible for Editor in 0.18 ms, found 0 plugins.
Preloading 0 native plugins for Editor in 0.00 ms.
Unloading 1130 Unused Serialized files (Serialized files now loaded: 0)
System memory in use before: 86.3 MB.
System memory in use after: 86.3 MB.

Unloading 5 unused Assets to reduce memory usage. Loaded Objects now: 1611.
Total: 1.234000 ms (FindLiveObjects: 0.112200 ms CreateObjectMapping: 0.029300 ms MarkObjects: 1.044900 ms  DeleteObjects: 0.046600 ms)

========================================================================
Received Prepare
Registering precompiled user dll's ...
Registered in 0.000408 seconds.
Begin MonoManager ReloadAssembly
Native extension for WindowsStandalone target not found
Refreshing native plugins compatible for Editor in 0.20 ms, found 0 plugins.
Preloading 0 native plugins for Editor in 0.00 ms.
Invoked RoslynAnalysisRunner static constructor.
RoslynAnalysisRunner will not be running.
RoslynAnalysisRunner has terminated.
Mono: successfully reloaded assembly
- Completed reload, in  0.695 seconds
Platform modules already initialized, skipping
Refreshing native plugins compatible for Editor in 0.17 ms, found 0 plugins.
Preloading 0 native plugins for Editor in 0.00 ms.
Unloading 1130 Unused Serialized files (Serialized files now loaded: 0)
System memory in use before: 86.3 MB.
System memory in use after: 86.3 MB.

Unloading 5 unused Assets to reduce memory usage. Loaded Objects now: 1614.
Total: 1.303100 ms (FindLiveObjects: 0.123100 ms CreateObjectMapping: 0.035000 ms MarkObjects: 1.091900 ms  DeleteObjects: 0.052100 ms)

========================================================================
Received Import Request.
  Time since last request: 948.283278 seconds.
  path: Assets/Invector-3rdPersonController_LITE/Scripts/CharacterController/vThirdPersonInput.cs
  artifactKey: Guid(5deb9ff5611cb9d4596d397ac57ee8c7) Importer(815301076,1909f56bfc062723c751e8b465ee728b)
Start importing Assets/Invector-3rdPersonController_LITE/Scripts/CharacterController/vThirdPersonInput.cs using Guid(5deb9ff5611cb9d4596d397ac57ee8c7) Importer(815301076,1909f56bfc062723c751e8b465ee728b)  -> (artifact id: '21b06a88d0231ba0e898fc28cda8d4bc') in 0.008002 seconds
  Import took 0.009975 seconds .

========================================================================
Received Import Request.
  Time since last request: 0.653007 seconds.
  path: Assets/Invector-3rdPersonController_LITE/Scripts/CharacterController/vThirdPersonMotor.cs
  artifactKey: Guid(11faa0ff55786fa4588b84ab450ec41b) Importer(815301076,1909f56bfc062723c751e8b465ee728b)
Start importing Assets/Invector-3rdPersonController_LITE/Scripts/CharacterController/vThirdPersonMotor.cs using Guid(11faa0ff55786fa4588b84ab450ec41b) Importer(815301076,1909f56bfc062723c751e8b465ee728b)  -> (artifact id: 'd29346e3884df111d05642d2bd99feca') in 0.007181 seconds
  Import took 0.009075 seconds .

========================================================================
Received Import Request.
  Time since last request: 3.905739 seconds.
  path: Assets/Invector-3rdPersonController_LITE/Scripts/CharacterController/vThirdPersonAnimator.cs
  artifactKey: Guid(b74f4ff80d113374fb65bf806f887874) Importer(815301076,1909f56bfc062723c751e8b465ee728b)
Start importing Assets/Invector-3rdPersonController_LITE/Scripts/CharacterController/vThirdPersonAnimator.cs using Guid(b74f4ff80d113374fb65bf806f887874) Importer(815301076,1909f56bfc062723c751e8b465ee728b)  -> (artifact id: 'bbc8ba90ce3d61cd63556c8cfa573b63') in 0.008152 seconds
  Import took 0.009724 seconds .

========================================================================
Received Import Request.
  Time since last request: 0.739323 seconds.
  path: Assets/Invector-3rdPersonController_LITE/Scripts/CharacterController/vThirdPersonController.cs
  artifactKey: Guid(73fbf3aa05f6be24780438449f505aa3) Importer(815301076,1909f56bfc062723c751e8b465ee728b)
Start importing Assets/Invector-3rdPersonController_LITE/Scripts/CharacterController/vThirdPersonController.cs using Guid(73fbf3aa05f6be24780438449f505aa3) Importer(815301076,1909f56bfc062723c751e8b465ee728b)  -> (artifact id: 'd9af42fb5ba41bb8c31512b245ada4f2') in 0.006773 seconds
  Import took 0.008451 seconds .

========================================================================
Received Import Request.
  Time since last request: 16.195141 seconds.
  path: Assets/Invector-3rdPersonController_LITE/Scripts/CharacterController/Editor
  artifactKey: Guid(de05c90f6cd26a9478bee31eb029d848) Importer(815301076,1909f56bfc062723c751e8b465ee728b)
Start importing Assets/Invector-3rdPersonController_LITE/Scripts/CharacterController/Editor using Guid(de05c90f6cd26a9478bee31eb029d848) Importer(815301076,1909f56bfc062723c751e8b465ee728b)  -> (artifact id: '5b7ab2388640b27098965b002c6372a7') in 0.006026 seconds
  Import took 0.007508 seconds .

========================================================================
Received Import Request.
  Time since last request: 0.907670 seconds.
  path: Assets/Invector-3rdPersonController_LITE/Scripts/CharacterController/Editor/vCharacterEditor.cs
  artifactKey: Guid(d9cd42626827eb24c8c01686a2f7d91d) Importer(815301076,1909f56bfc062723c751e8b465ee728b)
Start importing Assets/Invector-3rdPersonController_LITE/Scripts/CharacterController/Editor/vCharacterEditor.cs using Guid(d9cd42626827eb24c8c01686a2f7d91d) Importer(815301076,1909f56bfc062723c751e8b465ee728b)  -> (artifact id: '59f9787bc74590ae9fa884943fc24cff') in 0.005824 seconds
  Import took 0.007292 seconds .

========================================================================
Received Import Request.
  Time since last request: 1.289319 seconds.
  path: Assets/Invector-3rdPersonController_LITE/Scripts/CharacterController/Editor/vInvectorStartup.cs
  artifactKey: Guid(41708f07abf46044399f2e556a162802) Importer(815301076,1909f56bfc062723c751e8b465ee728b)
Start importing Assets/Invector-3rdPersonController_LITE/Scripts/CharacterController/Editor/vInvectorStartup.cs using Guid(41708f07abf46044399f2e556a162802) Importer(815301076,1909f56bfc062723c751e8b465ee728b)  -> (artifact id: '031d75aa39623743cf2537cf7862e4aa') in 0.006107 seconds
  Import took 0.007579 seconds .

========================================================================
Received Import Request.
  Time since last request: 0.359286 seconds.
  path: Assets/Invector-3rdPersonController_LITE/Scripts/CharacterController/Editor/vThirdPersonInputEditor.cs
  artifactKey: Guid(538618d45c821c64db3056e3989cd3f7) Importer(815301076,1909f56bfc062723c751e8b465ee728b)
Start importing Assets/Invector-3rdPersonController_LITE/Scripts/CharacterController/Editor/vThirdPersonInputEditor.cs using Guid(538618d45c821c64db3056e3989cd3f7) Importer(815301076,1909f56bfc062723c751e8b465ee728b)  -> (artifact id: 'c94aed6857f7a2566b03ba37b312ab69') in 0.005885 seconds
  Import took 0.007390 seconds .

========================================================================
Received Import Request.
  Time since last request: 6.282614 seconds.
  path: Assets/Invector-3rdPersonController_LITE/Scripts/Camera
  artifactKey: Guid(92dd769e36bd4fa4389e2236fea92cd9) Importer(815301076,1909f56bfc062723c751e8b465ee728b)
Start importing Assets/Invector-3rdPersonController_LITE/Scripts/Camera using Guid(92dd769e36bd4fa4389e2236fea92cd9) Importer(815301076,1909f56bfc062723c751e8b465ee728b)  -> (artifact id: '15e1f6778ed98a042984878f4c09c711') in 0.006175 seconds
  Import took 0.007669 seconds .

========================================================================
Received Prepare
Registering precompiled user dll's ...
Registered in 0.000413 seconds.
Begin MonoManager ReloadAssembly
Native extension for WindowsStandalone target not found
Refreshing native plugins compatible for Editor in 0.17 ms, found 0 plugins.
Preloading 0 native plugins for Editor in 0.00 ms.
Invoked RoslynAnalysisRunner static constructor.
RoslynAnalysisRunner will not be running.
RoslynAnalysisRunner has terminated.
Mono: successfully reloaded assembly
- Completed reload, in  0.716 seconds
Platform modules already initialized, skipping
Refreshing native plugins compatible for Editor in 0.27 ms, found 0 plugins.
Preloading 0 native plugins for Editor in 0.00 ms.
Unloading 1130 Unused Serialized files (Serialized files now loaded: 0)
System memory in use before: 86.3 MB.
System memory in use after: 86.3 MB.

Unloading 5 unused Assets to reduce memory usage. Loaded Objects now: 1617.
Total: 1.287700 ms (FindLiveObjects: 0.115500 ms CreateObjectMapping: 0.033400 ms MarkObjects: 1.090500 ms  DeleteObjects: 0.047400 ms)

========================================================================
Received Prepare
Registering precompiled user dll's ...
Registered in 0.000648 seconds.
Begin MonoManager ReloadAssembly
Native extension for WindowsStandalone target not found
Refreshing native plugins compatible for Editor in 0.18 ms, found 0 plugins.
Preloading 0 native plugins for Editor in 0.00 ms.
Invoked RoslynAnalysisRunner static constructor.
RoslynAnalysisRunner will not be running.
RoslynAnalysisRunner has terminated.
Mono: successfully reloaded assembly
- Completed reload, in  0.707 seconds
Platform modules already initialized, skipping
Refreshing native plugins compatible for Editor in 0.18 ms, found 0 plugins.
Preloading 0 native plugins for Editor in 0.00 ms.
Unloading 1130 Unused Serialized files (Serialized files now loaded: 0)
System memory in use before: 86.3 MB.
System memory in use after: 86.4 MB.

Unloading 5 unused Assets to reduce memory usage. Loaded Objects now: 1620.
Total: 2.015500 ms (FindLiveObjects: 0.190800 ms CreateObjectMapping: 0.052500 ms MarkObjects: 1.711100 ms  DeleteObjects: 0.059600 ms)

========================================================================
Received Import Request.
  Time since last request: 443.888451 seconds.
  path: Assets/Invector-3rdPersonController_LITE/Scripts/CharacterCreator/Script
  artifactKey: Guid(22c6beaa7cee2fe47ad477eb20a4137c) Importer(815301076,1909f56bfc062723c751e8b465ee728b)
Start importing Assets/Invector-3rdPersonController_LITE/Scripts/CharacterCreator/Script using Guid(22c6beaa7cee2fe47ad477eb20a4137c) Importer(815301076,1909f56bfc062723c751e8b465ee728b)  -> (artifact id: 'd33224868f5a69a83c9b762601bad666') in 0.006123 seconds
  Import took 0.007849 seconds .

========================================================================
Received Import Request.
  Time since last request: 0.004176 seconds.
  path: Assets/Invector-3rdPersonController_LITE/Scripts/CharacterCreator/Script
  artifactKey: Guid(22c6beaa7cee2fe47ad477eb20a4137c) Importer(815301076,1909f56bfc062723c751e8b465ee728b)
Start importing Assets/Invector-3rdPersonController_LITE/Scripts/CharacterCreator/Script using Guid(22c6beaa7cee2fe47ad477eb20a4137c) Importer(815301076,1909f56bfc062723c751e8b465ee728b)  -> (artifact id: 'd33224868f5a69a83c9b762601bad666') in 0.005465 seconds
  Import took 0.010047 seconds .

========================================================================
Received Import Request.
  Time since last request: 0.638229 seconds.
  path: Assets/Invector-3rdPersonController_LITE/Scripts/CharacterCreator/Script/Editor
  artifactKey: Guid(304237a0b0ea3bb4caa2d325a310a642) Importer(815301076,1909f56bfc062723c751e8b465ee728b)
Start importing Assets/Invector-3rdPersonController_LITE/Scripts/CharacterCreator/Script/Editor using Guid(304237a0b0ea3bb4caa2d325a310a642) Importer(815301076,1909f56bfc062723c751e8b465ee728b)  -> (artifact id: '4722a30a37964ca3097f63ce517dcb9a') in 0.005200 seconds
  Import took 0.006798 seconds .

========================================================================
Received Import Request.
  Time since last request: 0.001435 seconds.
  path: Assets/Invector-3rdPersonController_LITE/Scripts/CharacterCreator/Script/Editor
  artifactKey: Guid(304237a0b0ea3bb4caa2d325a310a642) Importer(815301076,1909f56bfc062723c751e8b465ee728b)
Start importing Assets/Invector-3rdPersonController_LITE/Scripts/CharacterCreator/Script/Editor using Guid(304237a0b0ea3bb4caa2d325a310a642) Importer(815301076,1909f56bfc062723c751e8b465ee728b)  -> (artifact id: '4722a30a37964ca3097f63ce517dcb9a') in 0.007812 seconds
  Import took 0.009700 seconds .

========================================================================
Received Import Request.
  Time since last request: 0.690496 seconds.
  path: Assets/Invector-3rdPersonController_LITE/Scripts/CharacterCreator/Script/Editor/vCreateBasicCharacterEditor.cs
  artifactKey: Guid(0be34c7083a012248a83e5a948676d12) Importer(815301076,1909f56bfc062723c751e8b465ee728b)
Start importing Assets/Invector-3rdPersonController_LITE/Scripts/CharacterCreator/Script/Editor/vCreateBasicCharacterEditor.cs using Guid(0be34c7083a012248a83e5a948676d12) Importer(815301076,1909f56bfc062723c751e8b465ee728b)  -> (artifact id: '77d083d20a96c6e7def44f20577c1c68') in 0.008031 seconds
  Import took 0.009690 seconds .

========================================================================
Received Import Request.
  Time since last request: 0.024154 seconds.
  path: Assets/Invector-3rdPersonController_LITE/Scripts/CharacterCreator/Script/Editor/vCreateBasicCharacterEditor.cs
  artifactKey: Guid(0be34c7083a012248a83e5a948676d12) Importer(815301076,1909f56bfc062723c751e8b465ee728b)
Start importing Assets/Invector-3rdPersonController_LITE/Scripts/CharacterCreator/Script/Editor/vCreateBasicCharacterEditor.cs using Guid(0be34c7083a012248a83e5a948676d12) Importer(815301076,1909f56bfc062723c751e8b465ee728b)  -> (artifact id: '77d083d20a96c6e7def44f20577c1c68') in 0.004535 seconds
  Import took 0.006044 seconds .

========================================================================
Received Import Request.
  Time since last request: 25.589570 seconds.
  path: Assets/Invector-3rdPersonController_LITE/Scripts/CharacterCreator/Script/Editor/vHelperEditor.cs
  artifactKey: Guid(07e2f10ae6225e54eaea15db1567ff5f) Importer(815301076,1909f56bfc062723c751e8b465ee728b)
Start importing Assets/Invector-3rdPersonController_LITE/Scripts/CharacterCreator/Script/Editor/vHelperEditor.cs using Guid(07e2f10ae6225e54eaea15db1567ff5f) Importer(815301076,1909f56bfc062723c751e8b465ee728b)  -> (artifact id: '357aabfc30c6367d058363e322810347') in 0.007281 seconds
  Import took 0.009342 seconds .

========================================================================
Received Prepare
Registering precompiled user dll's ...
Registered in 0.000396 seconds.
Begin MonoManager ReloadAssembly
Native extension for WindowsStandalone target not found
Refreshing native plugins compatible for Editor in 0.18 ms, found 0 plugins.
Preloading 0 native plugins for Editor in 0.00 ms.
Invoked RoslynAnalysisRunner static constructor.
RoslynAnalysisRunner will not be running.
RoslynAnalysisRunner has terminated.
Mono: successfully reloaded assembly
- Completed reload, in  0.700 seconds
Platform modules already initialized, skipping
Refreshing native plugins compatible for Editor in 0.17 ms, found 0 plugins.
Preloading 0 native plugins for Editor in 0.00 ms.
Unloading 1130 Unused Serialized files (Serialized files now loaded: 0)
System memory in use before: 86.3 MB.
System memory in use after: 86.4 MB.

Unloading 5 unused Assets to reduce memory usage. Loaded Objects now: 1623.
Total: 1.269100 ms (FindLiveObjects: 0.138200 ms CreateObjectMapping: 0.041500 ms MarkObjects: 1.042200 ms  DeleteObjects: 0.046200 ms)

========================================================================
Received Prepare
Registering precompiled user dll's ...
Registered in 0.000443 seconds.
Begin MonoManager ReloadAssembly
Native extension for WindowsStandalone target not found
Refreshing native plugins compatible for Editor in 0.19 ms, found 0 plugins.
Preloading 0 native plugins for Editor in 0.00 ms.
Invalid AssetDatabase path: /Editor/EditorResources/cm_logo_sm.png. Use path relative to the project folder.
UnityEngine.StackTraceUtility:ExtractStackTrace ()
UnityEditor.AssetDatabase:LoadAssetAtPath<UnityEngine.Texture2D> (string)
Cinemachine.Editor.CinemachineSettings:get_CinemachineLogoTexture () (at Library/PackageCache/com.unity.cinemachine@2.6.5/Editor/Windows/CinemachineSettings.cs:205)
Cinemachine.Editor.CinemachineSettings:.cctor () (at Library/PackageCache/com.unity.cinemachine@2.6.5/Editor/Windows/CinemachineSettings.cs:237)
Cinemachine.CinemachineColliderPrefs:.cctor () (at Library/PackageCache/com.unity.cinemachine@2.6.5/Editor/Windows/CinemachineColliderPrefs.cs:61)
System.Runtime.CompilerServices.RuntimeHelpers:RunClassConstructor (System.RuntimeTypeHandle)
UnityEditor.EditorAssemblies:ProcessInitializeOnLoadAttributes (System.Type[])

[Library/PackageCache/com.unity.cinemachine@2.6.5/Editor/Windows/CinemachineSettings.cs line 205]

Invoked RoslynAnalysisRunner static constructor.
RoslynAnalysisRunner will not be running.
RoslynAnalysisRunner has terminated.
Mono: successfully reloaded assembly
- Completed reload, in  0.745 seconds
Platform modules already initialized, skipping
Refreshing native plugins compatible for Editor in 0.19 ms, found 0 plugins.
Preloading 0 native plugins for Editor in 0.00 ms.
Unloading 1276 Unused Serialized files (Serialized files now loaded: 0)
System memory in use before: 91.2 MB.
System memory in use after: 91.3 MB.

Unloading 6 unused Assets to reduce memory usage. Loaded Objects now: 1771.
Total: 2.237600 ms (FindLiveObjects: 0.182700 ms CreateObjectMapping: 0.056800 ms MarkObjects: 1.908800 ms  DeleteObjects: 0.087800 ms)

========================================================================
Received Prepare
Registering precompiled user dll's ...
Registered in 0.000448 seconds.
Begin MonoManager ReloadAssembly
Native extension for WindowsStandalone target not found
Refreshing native plugins compatible for Editor in 0.19 ms, found 0 plugins.
Preloading 0 native plugins for Editor in 0.00 ms.
Invoked RoslynAnalysisRunner static constructor.
RoslynAnalysisRunner will not be running.
RoslynAnalysisRunner has terminated.
Mono: successfully reloaded assembly
- Completed reload, in  0.688 seconds
Platform modules already initialized, skipping
Refreshing native plugins compatible for Editor in 0.19 ms, found 0 plugins.
Preloading 0 native plugins for Editor in 0.00 ms.
Unloading 1277 Unused Serialized files (Serialized files now loaded: 0)
System memory in use before: 91.4 MB.
System memory in use after: 91.4 MB.

Unloading 7 unused Assets to reduce memory usage. Loaded Objects now: 1775.
Total: 1.272100 ms (FindLiveObjects: 0.116900 ms CreateObjectMapping: 0.034600 ms MarkObjects: 1.064600 ms  DeleteObjects: 0.055300 ms)

========================================================================
Received Prepare
Registering precompiled user dll's ...
Registered in 0.000436 seconds.
Begin MonoManager ReloadAssembly
Native extension for WindowsStandalone target not found
Refreshing native plugins compatible for Editor in 0.19 ms, found 0 plugins.
Preloading 0 native plugins for Editor in 0.00 ms.
Invoked RoslynAnalysisRunner static constructor.
RoslynAnalysisRunner will not be running.
RoslynAnalysisRunner has terminated.
Mono: successfully reloaded assembly
- Completed reload, in  0.751 seconds
Platform modules already initialized, skipping
Refreshing native plugins compatible for Editor in 0.19 ms, found 0 plugins.
Preloading 0 native plugins for Editor in 0.00 ms.
Unloading 1276 Unused Serialized files (Serialized files now loaded: 0)
System memory in use before: 91.3 MB.
System memory in use after: 91.4 MB.

Unloading 7 unused Assets to reduce memory usage. Loaded Objects now: 1778.
Total: 1.324100 ms (FindLiveObjects: 0.119100 ms CreateObjectMapping: 0.033100 ms MarkObjects: 1.110900 ms  DeleteObjects: 0.059900 ms)

========================================================================
Received Prepare
Registering precompiled user dll's ...
Registered in 0.000519 seconds.
Begin MonoManager ReloadAssembly
Native extension for WindowsStandalone target not found
Refreshing native plugins compatible for Editor in 0.21 ms, found 0 plugins.
Preloading 0 native plugins for Editor in 0.00 ms.
Invoked RoslynAnalysisRunner static constructor.
RoslynAnalysisRunner will not be running.
RoslynAnalysisRunner has terminated.
Mono: successfully reloaded assembly
- Completed reload, in  0.743 seconds
Platform modules already initialized, skipping
Refreshing native plugins compatible for Editor in 0.21 ms, found 0 plugins.
Preloading 0 native plugins for Editor in 0.00 ms.
Unloading 1276 Unused Serialized files (Serialized files now loaded: 0)
System memory in use before: 91.3 MB.
System memory in use after: 91.4 MB.

Unloading 7 unused Assets to reduce memory usage. Loaded Objects now: 1781.
Total: 1.397400 ms (FindLiveObjects: 0.179500 ms CreateObjectMapping: 0.058500 ms MarkObjects: 1.100400 ms  DeleteObjects: 0.057600 ms)

========================================================================
Received Prepare
Registering precompiled user dll's ...
Registered in 0.000422 seconds.
Begin MonoManager ReloadAssembly
Native extension for WindowsStandalone target not found
Refreshing native plugins compatible for Editor in 0.19 ms, found 0 plugins.
Preloading 0 native plugins for Editor in 0.00 ms.
Invoked RoslynAnalysisRunner static constructor.
RoslynAnalysisRunner will not be running.
RoslynAnalysisRunner has terminated.
Mono: successfully reloaded assembly
- Completed reload, in  0.711 seconds
Platform modules already initialized, skipping
Refreshing native plugins compatible for Editor in 0.18 ms, found 0 plugins.
Preloading 0 native plugins for Editor in 0.00 ms.
Unloading 1276 Unused Serialized files (Serialized files now loaded: 0)
System memory in use before: 91.3 MB.
System memory in use after: 91.4 MB.

Unloading 7 unused Assets to reduce memory usage. Loaded Objects now: 1784.
Total: 1.291900 ms (FindLiveObjects: 0.127900 ms CreateObjectMapping: 0.036200 ms MarkObjects: 1.072300 ms  DeleteObjects: 0.054500 ms)

========================================================================
Received Prepare
Registering precompiled user dll's ...
Registered in 0.000421 seconds.
Begin MonoManager ReloadAssembly
Native extension for WindowsStandalone target not found
Refreshing native plugins compatible for Editor in 0.28 ms, found 0 plugins.
Preloading 0 native plugins for Editor in 0.00 ms.
Invoked RoslynAnalysisRunner static constructor.
RoslynAnalysisRunner will not be running.
RoslynAnalysisRunner has terminated.
Mono: successfully reloaded assembly
- Completed reload, in  0.761 seconds
Platform modules already initialized, skipping
Refreshing native plugins compatible for Editor in 0.18 ms, found 0 plugins.
Preloading 0 native plugins for Editor in 0.00 ms.
Unloading 1277 Unused Serialized files (Serialized files now loaded: 0)
System memory in use before: 91.4 MB.
System memory in use after: 91.4 MB.

Unloading 7 unused Assets to reduce memory usage. Loaded Objects now: 1788.
Total: 1.393000 ms (FindLiveObjects: 0.187700 ms CreateObjectMapping: 0.059200 ms MarkObjects: 1.086000 ms  DeleteObjects: 0.056400 ms)

========================================================================
Received Prepare
Registering precompiled user dll's ...
Registered in 0.000431 seconds.
Begin MonoManager ReloadAssembly
Native extension for WindowsStandalone target not found
Refreshing native plugins compatible for Editor in 0.19 ms, found 0 plugins.
Preloading 0 native plugins for Editor in 0.00 ms.
Invoked RoslynAnalysisRunner static constructor.
RoslynAnalysisRunner will not be running.
RoslynAnalysisRunner has terminated.
Mono: successfully reloaded assembly
- Completed reload, in  0.719 seconds
Platform modules already initialized, skipping
Refreshing native plugins compatible for Editor in 0.18 ms, found 0 plugins.
Preloading 0 native plugins for Editor in 0.00 ms.
Unloading 1277 Unused Serialized files (Serialized files now loaded: 0)
System memory in use before: 91.4 MB.
System memory in use after: 91.4 MB.

Unloading 7 unused Assets to reduce memory usage. Loaded Objects now: 1791.
Total: 1.214600 ms (FindLiveObjects: 0.107700 ms CreateObjectMapping: 0.031800 ms MarkObjects: 1.024300 ms  DeleteObjects: 0.050000 ms)

========================================================================
Received Prepare
Registering precompiled user dll's ...
Registered in 0.003574 seconds.
Begin MonoManager ReloadAssembly
Native extension for WindowsStandalone target not found
Refreshing native plugins compatible for Editor in 0.29 ms, found 0 plugins.
Preloading 0 native plugins for Editor in 0.00 ms.
Invoked RoslynAnalysisRunner static constructor.
RoslynAnalysisRunner will not be running.
RoslynAnalysisRunner has terminated.
Mono: successfully reloaded assembly
- Completed reload, in  0.780 seconds
Platform modules already initialized, skipping
Refreshing native plugins compatible for Editor in 0.18 ms, found 0 plugins.
Preloading 0 native plugins for Editor in 0.00 ms.
Unloading 1277 Unused Serialized files (Serialized files now loaded: 0)
System memory in use before: 91.4 MB.
System memory in use after: 91.4 MB.

Unloading 7 unused Assets to reduce memory usage. Loaded Objects now: 1794.
Total: 1.314400 ms (FindLiveObjects: 0.130800 ms CreateObjectMapping: 0.038000 ms MarkObjects: 1.086400 ms  DeleteObjects: 0.058500 ms)

========================================================================
Received Prepare
Registering precompiled user dll's ...
Registered in 0.000405 seconds.
Begin MonoManager ReloadAssembly
Native extension for WindowsStandalone target not found
Refreshing native plugins compatible for Editor in 0.19 ms, found 0 plugins.
Preloading 0 native plugins for Editor in 0.00 ms.
Invoked RoslynAnalysisRunner static constructor.
RoslynAnalysisRunner will not be running.
RoslynAnalysisRunner has terminated.
Mono: successfully reloaded assembly
- Completed reload, in  0.702 seconds
Platform modules already initialized, skipping
Refreshing native plugins compatible for Editor in 0.20 ms, found 0 plugins.
Preloading 0 native plugins for Editor in 0.00 ms.
Unloading 1277 Unused Serialized files (Serialized files now loaded: 0)
System memory in use before: 91.4 MB.
System memory in use after: 91.4 MB.

Unloading 7 unused Assets to reduce memory usage. Loaded Objects now: 1797.
Total: 1.842400 ms (FindLiveObjects: 0.154500 ms CreateObjectMapping: 0.046200 ms MarkObjects: 1.562200 ms  DeleteObjects: 0.078200 ms)

========================================================================
Received Prepare
Registering precompiled user dll's ...
Registered in 0.000402 seconds.
Begin MonoManager ReloadAssembly
Native extension for WindowsStandalone target not found
Refreshing native plugins compatible for Editor in 0.19 ms, found 0 plugins.
Preloading 0 native plugins for Editor in 0.00 ms.
Invoked RoslynAnalysisRunner static constructor.
RoslynAnalysisRunner will not be running.
RoslynAnalysisRunner has terminated.
Mono: successfully reloaded assembly
- Completed reload, in  0.705 seconds
Platform modules already initialized, skipping
Refreshing native plugins compatible for Editor in 0.20 ms, found 0 plugins.
Preloading 0 native plugins for Editor in 0.00 ms.
Unloading 1277 Unused Serialized files (Serialized files now loaded: 0)
System memory in use before: 91.4 MB.
System memory in use after: 91.4 MB.

Unloading 7 unused Assets to reduce memory usage. Loaded Objects now: 1800.
Total: 1.328600 ms (FindLiveObjects: 0.128700 ms CreateObjectMapping: 0.040700 ms MarkObjects: 1.102600 ms  DeleteObjects: 0.055400 ms)

========================================================================
Received Import Request.
  Time since last request: 2939.958779 seconds.
  path: Assets/Script/Inventory.cs
  artifactKey: Guid(4b7e6475c6cea5a45a7f3dcde2786a68) Importer(815301076,1909f56bfc062723c751e8b465ee728b)
Start importing Assets/Script/Inventory.cs using Guid(4b7e6475c6cea5a45a7f3dcde2786a68) Importer(815301076,1909f56bfc062723c751e8b465ee728b)  -> (artifact id: '41d75644abf93a83fb24250fa67f1021') in 0.006355 seconds
  Import took 0.008011 seconds .

========================================================================
Received Prepare
Registering precompiled user dll's ...
Registered in 0.000420 seconds.
Begin MonoManager ReloadAssembly
Native extension for WindowsStandalone target not found
Refreshing native plugins compatible for Editor in 0.19 ms, found 0 plugins.
Preloading 0 native plugins for Editor in 0.00 ms.
Invoked RoslynAnalysisRunner static constructor.
RoslynAnalysisRunner will not be running.
RoslynAnalysisRunner has terminated.
Mono: successfully reloaded assembly
- Completed reload, in  0.681 seconds
Platform modules already initialized, skipping
Refreshing native plugins compatible for Editor in 0.20 ms, found 0 plugins.
Preloading 0 native plugins for Editor in 0.00 ms.
Unloading 1277 Unused Serialized files (Serialized files now loaded: 0)
System memory in use before: 91.4 MB.
System memory in use after: 91.5 MB.

Unloading 7 unused Assets to reduce memory usage. Loaded Objects now: 1803.
Total: 2.393100 ms (FindLiveObjects: 0.120800 ms CreateObjectMapping: 0.033500 ms MarkObjects: 2.175500 ms  DeleteObjects: 0.062200 ms)

========================================================================
Received Prepare
Registering precompiled user dll's ...
Registered in 0.000558 seconds.
Begin MonoManager ReloadAssembly
Native extension for WindowsStandalone target not found
Refreshing native plugins compatible for Editor in 0.19 ms, found 0 plugins.
Preloading 0 native plugins for Editor in 0.00 ms.
Invoked RoslynAnalysisRunner static constructor.
RoslynAnalysisRunner will not be running.
RoslynAnalysisRunner has terminated.
Mono: successfully reloaded assembly
- Completed reload, in  0.694 seconds
Platform modules already initialized, skipping
Refreshing native plugins compatible for Editor in 0.18 ms, found 0 plugins.
Preloading 0 native plugins for Editor in 0.00 ms.
Unloading 1277 Unused Serialized files (Serialized files now loaded: 0)
System memory in use before: 91.4 MB.
System memory in use after: 91.5 MB.

Unloading 7 unused Assets to reduce memory usage. Loaded Objects now: 1806.
Total: 1.413700 ms (FindLiveObjects: 0.119400 ms CreateObjectMapping: 0.038500 ms MarkObjects: 1.195100 ms  DeleteObjects: 0.059900 ms)

AssetImportWorkerClient::OnTransportError - code=2 error=End of file
