Using pre-set license
Built from '2020.3/staging' branch; Version is '2020.3.3f1 (76626098c1c4) revision 7758432'; Using compiler version '192528614'; Build Type 'Release'
OS: 'Windows 10 Pro; OS build 19042.1110; Version 2009; 64bit' Language: 'zh' Physical Memory: 32691 MB
BatchMode: 1, IsHumanControllingUs: 0, StartBugReporterOnCrash: 0, Is64bit: 1, IsPro: 0

 COMMAND LINE ARGUMENTS:
C:\Program Files\Unity\Hub\Editor\2020.3.3f1\Editor\Unity.exe
-adb2
-batchMode
-noUpm
-name
AssetImportWorker0
-projectPath
E:/github/Programming-Lab/programming lab1
-logFile
Logs/AssetImportWorker0.log
-srvPort
53650
Successfully changed project path to: E:/github/Programming-Lab/programming lab1
E:/github/Programming-Lab/programming lab1
Using Asset Import Pipeline V2.
Refreshing native plugins compatible for Editor in 21.82 ms, found 0 plugins.
Preloading 0 native plugins for Editor in 0.00 ms.
Initialize engine version: 2020.3.3f1 (76626098c1c4)
[Subsystems] Discovering subsystems at path C:/Program Files/Unity/Hub/Editor/2020.3.3f1/Editor/Data/Resources/UnitySubsystems
[Subsystems] Discovering subsystems at path E:/github/Programming-Lab/programming lab1/Assets
GfxDevice: creating device client; threaded=0
Direct3D:
    Version:  Direct3D 11.0 [level 11.1]
    Renderer: NVIDIA GeForce RTX 2080 Ti (ID=0x1e07)
    Vendor:   
    VRAM:     11048 MB
    Driver:   27.21.14.6677
Initialize mono
Mono path[0] = 'C:/Program Files/Unity/Hub/Editor/2020.3.3f1/Editor/Data/Managed'
Mono path[1] = 'C:/Program Files/Unity/Hub/Editor/2020.3.3f1/Editor/Data/MonoBleedingEdge/lib/mono/unityjit'
Mono config path = 'C:/Program Files/Unity/Hub/Editor/2020.3.3f1/Editor/Data/MonoBleedingEdge/etc'
Using monoOptions --debugger-agent=transport=dt_socket,embedding=1,server=y,suspend=n,address=127.0.0.1:56176
Begin MonoManager ReloadAssembly
Registering precompiled unity dll's ...
Register platform support module: C:/Program Files/Unity/Hub/Editor/2020.3.3f1/Editor/Data/PlaybackEngines/WindowsStandaloneSupport/UnityEditor.WindowsStandalone.Extensions.dll
Registered in 0.001739 seconds.
Native extension for WindowsStandalone target not found
Refreshing native plugins compatible for Editor in 24.32 ms, found 0 plugins.
Preloading 0 native plugins for Editor in 0.00 ms.
Invoked RoslynAnalysisRunner static constructor.
RoslynAnalysisRunner will not be running.
RoslynAnalysisRunner has terminated.
Mono: successfully reloaded assembly
- Completed reload, in  0.936 seconds
Platform modules already initialized, skipping
Registering precompiled user dll's ...
Registered in 0.000400 seconds.
Begin MonoManager ReloadAssembly
Native extension for WindowsStandalone target not found
Refreshing native plugins compatible for Editor in 0.19 ms, found 0 plugins.
Preloading 0 native plugins for Editor in 0.00 ms.
Invoked RoslynAnalysisRunner static constructor.
RoslynAnalysisRunner will not be running.
RoslynAnalysisRunner has terminated.
Mono: successfully reloaded assembly
- Completed reload, in  0.805 seconds
Platform modules already initialized, skipping
========================================================================
Worker process is ready to serve import requests
Launched and connected shader compiler UnityShaderCompiler.exe after 0.05 seconds
Refreshing native plugins compatible for Editor in 0.19 ms, found 0 plugins.
Preloading 0 native plugins for Editor in 0.00 ms.
Unloading 1283 Unused Serialized files (Serialized files now loaded: 0)
System memory in use before: 74.9 MB.
System memory in use after: 75.0 MB.

Unloading 11 unused Assets to reduce memory usage. Loaded Objects now: 1743.
Total: 1.313400 ms (FindLiveObjects: 0.116700 ms CreateObjectMapping: 0.034200 ms MarkObjects: 1.090300 ms  DeleteObjects: 0.071400 ms)

========================================================================
Received Import Request.
  path: Assets/Script/Item.cs
  artifactKey: Guid(9ce89704e0344044dad083f639ef47a1) Importer(815301076,1909f56bfc062723c751e8b465ee728b)
Start importing Assets/Script/Item.cs using Guid(9ce89704e0344044dad083f639ef47a1) Importer(815301076,1909f56bfc062723c751e8b465ee728b)  -> (artifact id: '1d6f73977f3949273d019f2e9af34353') in 0.041767 seconds
  Import took 0.043376 seconds .

========================================================================
Received Import Request.
  Time since last request: 155.703679 seconds.
  path: Assets/PotionImage
  artifactKey: Guid(b18e3bcd199e1bc4eb53b603f8a7fb66) Importer(815301076,1909f56bfc062723c751e8b465ee728b)
Start importing Assets/PotionImage using Guid(b18e3bcd199e1bc4eb53b603f8a7fb66) Importer(815301076,1909f56bfc062723c751e8b465ee728b)  -> (artifact id: 'a8c0ff2f3f15eaf39cf3b823c827ada0') in 0.005549 seconds
  Import took 0.007208 seconds .

========================================================================
Received Import Request.
  Time since last request: 4.896745 seconds.
  path: Assets/PotionImage/POTION1.png
  artifactKey: Guid(545cdac60d5e1224f8d7f6aefad69c65) Importer(815301076,1909f56bfc062723c751e8b465ee728b)
Start importing Assets/PotionImage/POTION1.png using Guid(545cdac60d5e1224f8d7f6aefad69c65) Importer(815301076,1909f56bfc062723c751e8b465ee728b)  -> (artifact id: '76f44a9e12841a42873de7bf48af3c25') in 0.077399 seconds
  Import took 0.079021 seconds .

========================================================================
Received Import Request.
  Time since last request: 0.001006 seconds.
  path: Assets/PotionImage/POTION2.png
  artifactKey: Guid(e7f3d79be6ef50e42bf9f07d2e9f36f0) Importer(815301076,1909f56bfc062723c751e8b465ee728b)
Start importing Assets/PotionImage/POTION2.png using Guid(e7f3d79be6ef50e42bf9f07d2e9f36f0) Importer(815301076,1909f56bfc062723c751e8b465ee728b)  -> (artifact id: '03b1e4f8b274333f9ab2f258cff46413') in 0.013462 seconds
  Import took 0.014961 seconds .

========================================================================
Received Import Request.
  Time since last request: 29.325375 seconds.
  path: Assets/Invector-3rdPersonController_LITE/Resources/BarBg.png
  artifactKey: Guid(0085f005184a4064690308838d1f3c3a) Importer(815301076,1909f56bfc062723c751e8b465ee728b)
Start importing Assets/Invector-3rdPersonController_LITE/Resources/BarBg.png using Guid(0085f005184a4064690308838d1f3c3a) Importer(815301076,1909f56bfc062723c751e8b465ee728b)  -> (artifact id: '8e3829b7bf14585ea6d1f293e051c3be') in 0.062269 seconds
  Import took 0.064087 seconds .

========================================================================
Received Import Request.
  Time since last request: 0.001023 seconds.
  path: Assets/Invector-3rdPersonController_LITE/Resources/basicLogo.png
  artifactKey: Guid(f75e2b1809ad796469251378de80ccb1) Importer(815301076,1909f56bfc062723c751e8b465ee728b)
Start importing Assets/Invector-3rdPersonController_LITE/Resources/basicLogo.png using Guid(f75e2b1809ad796469251378de80ccb1) Importer(815301076,1909f56bfc062723c751e8b465ee728b)  -> (artifact id: 'dba1b86bd6b570d10e6094e98ca9bc63') in 0.023593 seconds
  Import took 0.025181 seconds .

========================================================================
Received Import Request.
  Time since last request: 0.001180 seconds.
  path: Assets/Invector-3rdPersonController_LITE/Resources/BarBg.png
  artifactKey: Guid(0085f005184a4064690308838d1f3c3a) Importer(815301076,1909f56bfc062723c751e8b465ee728b)
Start importing Assets/Invector-3rdPersonController_LITE/Resources/BarBg.png using Guid(0085f005184a4064690308838d1f3c3a) Importer(815301076,1909f56bfc062723c751e8b465ee728b)  -> (artifact id: '8e3829b7bf14585ea6d1f293e051c3be') in 0.008949 seconds
  Import took 0.010807 seconds .

========================================================================
Received Import Request.
  Time since last request: 0.001085 seconds.
  path: Assets/Invector-3rdPersonController_LITE/Resources/button_skin.png
  artifactKey: Guid(402805c5625269b49beb34649a86a4d1) Importer(815301076,1909f56bfc062723c751e8b465ee728b)
Start importing Assets/Invector-3rdPersonController_LITE/Resources/button_skin.png using Guid(402805c5625269b49beb34649a86a4d1) Importer(815301076,1909f56bfc062723c751e8b465ee728b)  -> (artifact id: '30c7b09a174604b47db9e41352de4a66') in 0.035675 seconds
  Import took 0.037330 seconds .

========================================================================
Received Import Request.
  Time since last request: 0.001045 seconds.
  path: Assets/Invector-3rdPersonController_LITE/Resources/basicLogo.png
  artifactKey: Guid(f75e2b1809ad796469251378de80ccb1) Importer(815301076,1909f56bfc062723c751e8b465ee728b)
Start importing Assets/Invector-3rdPersonController_LITE/Resources/basicLogo.png using Guid(f75e2b1809ad796469251378de80ccb1) Importer(815301076,1909f56bfc062723c751e8b465ee728b)  -> (artifact id: 'dba1b86bd6b570d10e6094e98ca9bc63') in 0.010852 seconds
  Import took 0.012611 seconds .

========================================================================
Received Import Request.
  Time since last request: 0.001026 seconds.
  path: Assets/Invector-3rdPersonController_LITE/Resources/hightlightBox.png
  artifactKey: Guid(5dfcf9622f12816418d439efe678683a) Importer(815301076,1909f56bfc062723c751e8b465ee728b)
Start importing Assets/Invector-3rdPersonController_LITE/Resources/hightlightBox.png using Guid(5dfcf9622f12816418d439efe678683a) Importer(815301076,1909f56bfc062723c751e8b465ee728b)  -> (artifact id: 'dcc9a127782d7f563c6d098b1d8618c4') in 0.013867 seconds
  Import took 0.015497 seconds .

========================================================================
Received Import Request.
  Time since last request: 0.001024 seconds.
  path: Assets/Invector-3rdPersonController_LITE/Resources/logo.png
  artifactKey: Guid(b41c20f228db90a4b8a48d3585f54c4c) Importer(815301076,1909f56bfc062723c751e8b465ee728b)
Start importing Assets/Invector-3rdPersonController_LITE/Resources/logo.png using Guid(b41c20f228db90a4b8a48d3585f54c4c) Importer(815301076,1909f56bfc062723c751e8b465ee728b)  -> (artifact id: '6ac21bd8cc74bd7730051b23a605f078') in 0.052704 seconds
  Import took 0.054299 seconds .

========================================================================
Received Import Request.
  Time since last request: 0.001036 seconds.
  path: Assets/Invector-3rdPersonController_LITE/Resources/customBox.png
  artifactKey: Guid(852a86a871b25ff4ea50a13a4c391999) Importer(815301076,1909f56bfc062723c751e8b465ee728b)
Start importing Assets/Invector-3rdPersonController_LITE/Resources/customBox.png using Guid(852a86a871b25ff4ea50a13a4c391999) Importer(815301076,1909f56bfc062723c751e8b465ee728b)  -> (artifact id: '469ff54a05dfd9e770093ca545821d01') in 0.022272 seconds
  Import took 0.023891 seconds .

========================================================================
Received Import Request.
  Time since last request: 0.001068 seconds.
  path: Assets/Invector-3rdPersonController_LITE/Resources/boxLight.png
  artifactKey: Guid(9343ecc466b190245b24789e1fc2f085) Importer(815301076,1909f56bfc062723c751e8b465ee728b)
Start importing Assets/Invector-3rdPersonController_LITE/Resources/boxLight.png using Guid(9343ecc466b190245b24789e1fc2f085) Importer(815301076,1909f56bfc062723c751e8b465ee728b)  -> (artifact id: '656b23273047dc88b166b5a56f7bcfda') in 0.016396 seconds
  Import took 0.018058 seconds .

========================================================================
Received Import Request.
  Time since last request: 0.001027 seconds.
  path: Assets/Invector-3rdPersonController_LITE/Resources/icon_v2.png
  artifactKey: Guid(0536d8ada72a6ac4695386ea4bcd1ebe) Importer(815301076,1909f56bfc062723c751e8b465ee728b)
Start importing Assets/Invector-3rdPersonController_LITE/Resources/icon_v2.png using Guid(0536d8ada72a6ac4695386ea4bcd1ebe) Importer(815301076,1909f56bfc062723c751e8b465ee728b)  -> (artifact id: '42836a6afe30df89df8ca9643bbf431d') in 0.013747 seconds
  Import took 0.015591 seconds .

========================================================================
Received Import Request.
  Time since last request: 0.010840 seconds.
  path: Assets/Invector-3rdPersonController_LITE/Resources/customBox.png
  artifactKey: Guid(852a86a871b25ff4ea50a13a4c391999) Importer(815301076,1909f56bfc062723c751e8b465ee728b)
Start importing Assets/Invector-3rdPersonController_LITE/Resources/customBox.png using Guid(852a86a871b25ff4ea50a13a4c391999) Importer(815301076,1909f56bfc062723c751e8b465ee728b)  -> (artifact id: '469ff54a05dfd9e770093ca545821d01') in 0.009447 seconds
  Import took 0.011232 seconds .

========================================================================
Received Import Request.
  Time since last request: 215.783021 seconds.
  path: Assets/package_potions_512x/icons_bottles_512x.psd
  artifactKey: Guid(143587b53771a56479105ebea6d313dc) Importer(815301076,1909f56bfc062723c751e8b465ee728b)
Start importing Assets/package_potions_512x/icons_bottles_512x.psd using Guid(143587b53771a56479105ebea6d313dc) Importer(815301076,1909f56bfc062723c751e8b465ee728b)  -> (artifact id: 'cde466ff5ab8930608a68e055697a43a') in 0.020640 seconds
  Import took 0.022394 seconds .

========================================================================
Received Import Request.
  Time since last request: 0.001017 seconds.
  path: Assets/package_potions_512x/unity_preview_scene_potions.png
  artifactKey: Guid(5022683fa4cbdca40879baf8b1ec1a5d) Importer(815301076,1909f56bfc062723c751e8b465ee728b)
Start importing Assets/package_potions_512x/unity_preview_scene_potions.png using Guid(5022683fa4cbdca40879baf8b1ec1a5d) Importer(815301076,1909f56bfc062723c751e8b465ee728b)  -> (artifact id: '0c672a32525148837ee5acc6f75d9220') in 0.024265 seconds
  Import took 0.025919 seconds .

========================================================================
Received Import Request.
  Time since last request: 2.773071 seconds.
  path: Assets/package_potions_512x/potion_icons_256x
  artifactKey: Guid(86708e7858ad1794ebe10abb5fcd418f) Importer(815301076,1909f56bfc062723c751e8b465ee728b)
Start importing Assets/package_potions_512x/potion_icons_256x using Guid(86708e7858ad1794ebe10abb5fcd418f) Importer(815301076,1909f56bfc062723c751e8b465ee728b)  -> (artifact id: 'f4fe027772438b0399fd2564ab8335c2') in 0.005737 seconds
  Import took 0.007639 seconds .

========================================================================
Received Import Request.
  Time since last request: 0.986991 seconds.
  path: Assets/package_potions_512x/potion_icons_256x/256x_beaker_blue.png
  artifactKey: Guid(d7e87acba6263b04db898e8e8626b150) Importer(815301076,1909f56bfc062723c751e8b465ee728b)
Start importing Assets/package_potions_512x/potion_icons_256x/256x_beaker_blue.png using Guid(d7e87acba6263b04db898e8e8626b150) Importer(815301076,1909f56bfc062723c751e8b465ee728b)  -> (artifact id: '3cf04ba8293f90525c2c7c8619183856') in 0.013522 seconds
  Import took 0.015140 seconds .

========================================================================
Received Import Request.
  Time since last request: 0.001019 seconds.
  path: Assets/package_potions_512x/potion_icons_256x/256x_flask2_glass.png
  artifactKey: Guid(25f1f633e88b7cb47bccdbf6143ee2f3) Importer(815301076,1909f56bfc062723c751e8b465ee728b)
Start importing Assets/package_potions_512x/potion_icons_256x/256x_flask2_glass.png using Guid(25f1f633e88b7cb47bccdbf6143ee2f3) Importer(815301076,1909f56bfc062723c751e8b465ee728b)  -> (artifact id: '237738641a7ab49a9f2e3c5551667e40') in 0.013755 seconds
  Import took 0.015292 seconds .

========================================================================
Received Import Request.
  Time since last request: 0.000996 seconds.
  path: Assets/package_potions_512x/potion_icons_256x/256x_bottle_OL_red.png
  artifactKey: Guid(e29dedca8d07953418199e26a0951c3b) Importer(815301076,1909f56bfc062723c751e8b465ee728b)
Start importing Assets/package_potions_512x/potion_icons_256x/256x_bottle_OL_red.png using Guid(e29dedca8d07953418199e26a0951c3b) Importer(815301076,1909f56bfc062723c751e8b465ee728b)  -> (artifact id: 'db73df4e0cba630e0c081c735e80d77b') in 0.013678 seconds
  Import took 0.015196 seconds .

========================================================================
Received Import Request.
  Time since last request: 0.001038 seconds.
  path: Assets/package_potions_512x/potion_icons_256x/256x_decanter_OL_green.png
  artifactKey: Guid(ebfc4574b2a128a4ba751793ed1f44a5) Importer(815301076,1909f56bfc062723c751e8b465ee728b)
Start importing Assets/package_potions_512x/potion_icons_256x/256x_decanter_OL_green.png using Guid(ebfc4574b2a128a4ba751793ed1f44a5) Importer(815301076,1909f56bfc062723c751e8b465ee728b)  -> (artifact id: '76df9aa9746193c8e23396a333ff47fa') in 0.013577 seconds
  Import took 0.015107 seconds .

========================================================================
Received Import Request.
  Time since last request: 0.001020 seconds.
  path: Assets/package_potions_512x/potion_icons_256x/256x_flask2_OL_red.png
  artifactKey: Guid(9e218f106aa05c848a6d534728f434b7) Importer(815301076,1909f56bfc062723c751e8b465ee728b)
Start importing Assets/package_potions_512x/potion_icons_256x/256x_flask2_OL_red.png using Guid(9e218f106aa05c848a6d534728f434b7) Importer(815301076,1909f56bfc062723c751e8b465ee728b)  -> (artifact id: 'e38fd542f8bdc77763625b16d39d6098') in 0.013593 seconds
  Import took 0.015159 seconds .

========================================================================
Received Import Request.
  Time since last request: 0.001084 seconds.
  path: Assets/package_potions_512x/potion_icons_256x/256x_potion_OL_red.png
  artifactKey: Guid(9c0039c84e5c49b4b9ba046ac33c6db5) Importer(815301076,1909f56bfc062723c751e8b465ee728b)
Start importing Assets/package_potions_512x/potion_icons_256x/256x_potion_OL_red.png using Guid(9c0039c84e5c49b4b9ba046ac33c6db5) Importer(815301076,1909f56bfc062723c751e8b465ee728b)  -> (artifact id: '836a3ff94a0cd921302a8a7bffd50306') in 0.015561 seconds
  Import took 0.017172 seconds .

========================================================================
Received Import Request.
  Time since last request: 0.001190 seconds.
  path: Assets/package_potions_512x/potion_icons_256x/256x_vial_blue.png
  artifactKey: Guid(fde3df6f75fb3b64b83b1e1a0876dc4c) Importer(815301076,1909f56bfc062723c751e8b465ee728b)
Start importing Assets/package_potions_512x/potion_icons_256x/256x_vial_blue.png using Guid(fde3df6f75fb3b64b83b1e1a0876dc4c) Importer(815301076,1909f56bfc062723c751e8b465ee728b)  -> (artifact id: '7d317ac9c8b77f3641a29b9373932b6e') in 0.013729 seconds
  Import took 0.015465 seconds .

========================================================================
Received Import Request.
  Time since last request: 0.001022 seconds.
  path: Assets/package_potions_512x/potion_icons_256x/256x_decanter_OL_red.png
  artifactKey: Guid(d71b415dde535d1448b3b0732474f8ef) Importer(815301076,1909f56bfc062723c751e8b465ee728b)
Start importing Assets/package_potions_512x/potion_icons_256x/256x_decanter_OL_red.png using Guid(d71b415dde535d1448b3b0732474f8ef) Importer(815301076,1909f56bfc062723c751e8b465ee728b)  -> (artifact id: '940ee0a5a246d5cf811427fed02c2e73') in 0.013981 seconds
  Import took 0.015637 seconds .

========================================================================
Received Import Request.
  Time since last request: 0.001025 seconds.
  path: Assets/package_potions_512x/potion_icons_256x/256x_jug_blue.png
  artifactKey: Guid(b93a836c1088c6743a54d524a99cc67c) Importer(815301076,1909f56bfc062723c751e8b465ee728b)
Start importing Assets/package_potions_512x/potion_icons_256x/256x_jug_blue.png using Guid(b93a836c1088c6743a54d524a99cc67c) Importer(815301076,1909f56bfc062723c751e8b465ee728b)  -> (artifact id: '4f65b3fae300c6b52b21e9dea1fb463b') in 0.014630 seconds
  Import took 0.016397 seconds .

========================================================================
Received Import Request.
  Time since last request: 0.001013 seconds.
  path: Assets/package_potions_512x/potion_icons_256x/256x_urn_red.png
  artifactKey: Guid(4e6f4cc1c4366fb4595793e8ca6c665e) Importer(815301076,1909f56bfc062723c751e8b465ee728b)
Start importing Assets/package_potions_512x/potion_icons_256x/256x_urn_red.png using Guid(4e6f4cc1c4366fb4595793e8ca6c665e) Importer(815301076,1909f56bfc062723c751e8b465ee728b)  -> (artifact id: '3dea62357695e504d627ae9de609bd34') in 0.013405 seconds
  Import took 0.014956 seconds .

========================================================================
Received Import Request.
  Time since last request: 0.001026 seconds.
  path: Assets/package_potions_512x/potion_icons_256x/256x_jug_red.png
  artifactKey: Guid(f242163d21623694281a116a538f1a32) Importer(815301076,1909f56bfc062723c751e8b465ee728b)
Start importing Assets/package_potions_512x/potion_icons_256x/256x_jug_red.png using Guid(f242163d21623694281a116a538f1a32) Importer(815301076,1909f56bfc062723c751e8b465ee728b)  -> (artifact id: '1c5e4d848ab39bf2dc06ee34b6f874db') in 0.014956 seconds
  Import took 0.018269 seconds .

========================================================================
Received Import Request.
  Time since last request: 0.001189 seconds.
  path: Assets/package_potions_512x/potion_icons_256x/256x_OL_blue.png
  artifactKey: Guid(7dd2fb2da6c1d9c4280c8f1b34e6ff65) Importer(815301076,1909f56bfc062723c751e8b465ee728b)
Start importing Assets/package_potions_512x/potion_icons_256x/256x_OL_blue.png using Guid(7dd2fb2da6c1d9c4280c8f1b34e6ff65) Importer(815301076,1909f56bfc062723c751e8b465ee728b)  -> (artifact id: '6e05b9a2a85e0c9cb6fc74a4b88810de') in 0.013447 seconds
  Import took 0.015189 seconds .

========================================================================
Received Import Request.
  Time since last request: 0.001034 seconds.
  path: Assets/package_potions_512x/potion_icons_256x/256x_decanter_OL_blue.png
  artifactKey: Guid(e176e67e5fd9fd846bec5e649dc2197a) Importer(815301076,1909f56bfc062723c751e8b465ee728b)
Start importing Assets/package_potions_512x/potion_icons_256x/256x_decanter_OL_blue.png using Guid(e176e67e5fd9fd846bec5e649dc2197a) Importer(815301076,1909f56bfc062723c751e8b465ee728b)  -> (artifact id: '88e792ca79990836601bca06075128be') in 0.013765 seconds
  Import took 0.015336 seconds .

========================================================================
Received Import Request.
  Time since last request: 0.001061 seconds.
  path: Assets/package_potions_512x/potion_icons_256x/256x_decanter_glas.png
  artifactKey: Guid(fe7111a6ff325854ab10d5ef113db591) Importer(815301076,1909f56bfc062723c751e8b465ee728b)
Start importing Assets/package_potions_512x/potion_icons_256x/256x_decanter_glas.png using Guid(fe7111a6ff325854ab10d5ef113db591) Importer(815301076,1909f56bfc062723c751e8b465ee728b)  -> (artifact id: '8607b53ed84f2ec2e5a94ec9210c0f6b') in 0.015081 seconds
  Import took 0.016717 seconds .

========================================================================
Received Import Request.
  Time since last request: 0.001025 seconds.
  path: Assets/package_potions_512x/potion_icons_256x/256x_flask_glass.png
  artifactKey: Guid(943cefd82825cbc4488baca8c57091a6) Importer(815301076,1909f56bfc062723c751e8b465ee728b)
Start importing Assets/package_potions_512x/potion_icons_256x/256x_flask_glass.png using Guid(943cefd82825cbc4488baca8c57091a6) Importer(815301076,1909f56bfc062723c751e8b465ee728b)  -> (artifact id: '2a69ccef7d14a9d55c17f5449e5074a3') in 0.013684 seconds
  Import took 0.015246 seconds .

========================================================================
Received Import Request.
  Time since last request: 0.001174 seconds.
  path: Assets/package_potions_512x/potion_icons_256x/256x_flask2_OL_blue.png
  artifactKey: Guid(e0feaa64c5025ef47ae328ab4cc1eb8b) Importer(815301076,1909f56bfc062723c751e8b465ee728b)
Start importing Assets/package_potions_512x/potion_icons_256x/256x_flask2_OL_blue.png using Guid(e0feaa64c5025ef47ae328ab4cc1eb8b) Importer(815301076,1909f56bfc062723c751e8b465ee728b)  -> (artifact id: '21987aa90509193831944090967ac4a2') in 0.015396 seconds
  Import took 0.017100 seconds .

========================================================================
Received Import Request.
  Time since last request: 0.001026 seconds.
  path: Assets/package_potions_512x/potion_icons_256x/256x_OL_green.png
  artifactKey: Guid(606b04b3b76269142b2dc03a8d212b4e) Importer(815301076,1909f56bfc062723c751e8b465ee728b)
Start importing Assets/package_potions_512x/potion_icons_256x/256x_OL_green.png using Guid(606b04b3b76269142b2dc03a8d212b4e) Importer(815301076,1909f56bfc062723c751e8b465ee728b)  -> (artifact id: 'a1758375dbb033a00df61e104aa3e370') in 0.015327 seconds
  Import took 0.016942 seconds .

========================================================================
Received Import Request.
  Time since last request: 0.001014 seconds.
  path: Assets/package_potions_512x/potion_icons_256x/256x_potion_OL_green.png
  artifactKey: Guid(347f37b4b7e12a041bfff52d5706a432) Importer(815301076,1909f56bfc062723c751e8b465ee728b)
Start importing Assets/package_potions_512x/potion_icons_256x/256x_potion_OL_green.png using Guid(347f37b4b7e12a041bfff52d5706a432) Importer(815301076,1909f56bfc062723c751e8b465ee728b)  -> (artifact id: 'a22c1e0a54c31e95dac78137ebe8c01e') in 0.014208 seconds
  Import took 0.015778 seconds .

========================================================================
Received Import Request.
  Time since last request: 0.001009 seconds.
  path: Assets/package_potions_512x/potion_icons_256x/256x_potion_OL_glass.png
  artifactKey: Guid(65f55e4bca3484e47be3a4788b1fd980) Importer(815301076,1909f56bfc062723c751e8b465ee728b)
Start importing Assets/package_potions_512x/potion_icons_256x/256x_potion_OL_glass.png using Guid(65f55e4bca3484e47be3a4788b1fd980) Importer(815301076,1909f56bfc062723c751e8b465ee728b)  -> (artifact id: 'c2a2e3eddfd55a3d8ae13227682e729a') in 0.014693 seconds
  Import took 0.017357 seconds .

========================================================================
Received Import Request.
  Time since last request: 0.001068 seconds.
  path: Assets/package_potions_512x/potion_icons_256x/256x_urn_glass.png
  artifactKey: Guid(1194ebbd026b94349888747f77511c45) Importer(815301076,1909f56bfc062723c751e8b465ee728b)
Start importing Assets/package_potions_512x/potion_icons_256x/256x_urn_glass.png using Guid(1194ebbd026b94349888747f77511c45) Importer(815301076,1909f56bfc062723c751e8b465ee728b)  -> (artifact id: '7f3a6e33a8a4cde9a064031681082736') in 0.014238 seconds
  Import took 0.015871 seconds .

========================================================================
Received Import Request.
  Time since last request: 0.001116 seconds.
  path: Assets/package_potions_512x/potion_icons_256x/256x_bottle2_red.png
  artifactKey: Guid(dc2d66b0ba5092b4aa1c7783e1bce80b) Importer(815301076,1909f56bfc062723c751e8b465ee728b)
Start importing Assets/package_potions_512x/potion_icons_256x/256x_bottle2_red.png using Guid(dc2d66b0ba5092b4aa1c7783e1bce80b) Importer(815301076,1909f56bfc062723c751e8b465ee728b)  -> (artifact id: 'fd3ef2184bb4e533d152a6446e8c2e35') in 0.015614 seconds
  Import took 0.017317 seconds .

========================================================================
Received Import Request.
  Time since last request: 0.001059 seconds.
  path: Assets/package_potions_512x/potion_icons_256x/256x_bottle2_glass_empty.png
  artifactKey: Guid(4af3de4057d72344199db9117b1d91e9) Importer(815301076,1909f56bfc062723c751e8b465ee728b)
Start importing Assets/package_potions_512x/potion_icons_256x/256x_bottle2_glass_empty.png using Guid(4af3de4057d72344199db9117b1d91e9) Importer(815301076,1909f56bfc062723c751e8b465ee728b)  -> (artifact id: 'beacb4bc87c1214e3574d6e1f786b457') in 0.014949 seconds
  Import took 0.016779 seconds .

========================================================================
Received Import Request.
  Time since last request: 0.001058 seconds.
  path: Assets/package_potions_512x/potion_icons_256x/256x_flask_red.png
  artifactKey: Guid(5f50f2a4a34f3ea4db65daf9352cef36) Importer(815301076,1909f56bfc062723c751e8b465ee728b)
Start importing Assets/package_potions_512x/potion_icons_256x/256x_flask_red.png using Guid(5f50f2a4a34f3ea4db65daf9352cef36) Importer(815301076,1909f56bfc062723c751e8b465ee728b)  -> (artifact id: 'b3078d90d9c4a039437e9cdeeba7daec') in 0.013362 seconds
  Import took 0.015026 seconds .

========================================================================
Received Import Request.
  Time since last request: 0.001041 seconds.
  path: Assets/package_potions_512x/potion_icons_256x/256x_urn_blue.png
  artifactKey: Guid(1dd744e4eaa54aa4f825489c110ef120) Importer(815301076,1909f56bfc062723c751e8b465ee728b)
Start importing Assets/package_potions_512x/potion_icons_256x/256x_urn_blue.png using Guid(1dd744e4eaa54aa4f825489c110ef120) Importer(815301076,1909f56bfc062723c751e8b465ee728b)  -> (artifact id: '606aece2b751242485f8ac4a1cf91b13') in 0.014423 seconds
  Import took 0.016010 seconds .

========================================================================
Received Import Request.
  Time since last request: 0.001102 seconds.
  path: Assets/package_potions_512x/potion_icons_256x/256x_flask_blue.png
  artifactKey: Guid(9f369ff339154214e9ab604ef094c701) Importer(815301076,1909f56bfc062723c751e8b465ee728b)
Start importing Assets/package_potions_512x/potion_icons_256x/256x_flask_blue.png using Guid(9f369ff339154214e9ab604ef094c701) Importer(815301076,1909f56bfc062723c751e8b465ee728b)  -> (artifact id: 'fa4d8f6a515b9e09ee5f6e4874b848c0') in 0.015322 seconds
  Import took 0.016942 seconds .

========================================================================
Received Import Request.
  Time since last request: 0.001034 seconds.
  path: Assets/package_potions_512x/potion_icons_256x/256x_beaker_red.png
  artifactKey: Guid(f07016b493a9e10409f45b843b30fce2) Importer(815301076,1909f56bfc062723c751e8b465ee728b)
Start importing Assets/package_potions_512x/potion_icons_256x/256x_beaker_red.png using Guid(f07016b493a9e10409f45b843b30fce2) Importer(815301076,1909f56bfc062723c751e8b465ee728b)  -> (artifact id: 'b5766cfbbe6fd54ed99b2a86c6e6f534') in 0.013838 seconds
  Import took 0.015426 seconds .

========================================================================
Received Import Request.
  Time since last request: 0.001014 seconds.
  path: Assets/package_potions_512x/potion_icons_256x/256x_potion_OL_blue.png
  artifactKey: Guid(6a75c99f48687db46a0570b6e6ba9c93) Importer(815301076,1909f56bfc062723c751e8b465ee728b)
Start importing Assets/package_potions_512x/potion_icons_256x/256x_potion_OL_blue.png using Guid(6a75c99f48687db46a0570b6e6ba9c93) Importer(815301076,1909f56bfc062723c751e8b465ee728b)  -> (artifact id: '19a39609b0649323db63f75d1f530968') in 0.016068 seconds
  Import took 0.017631 seconds .

========================================================================
Received Import Request.
  Time since last request: 0.001052 seconds.
  path: Assets/package_potions_512x/potion_icons_256x/256x_jug_green.png
  artifactKey: Guid(a0669aa98aee3634e9532dfe8ea1d4ab) Importer(815301076,1909f56bfc062723c751e8b465ee728b)
Start importing Assets/package_potions_512x/potion_icons_256x/256x_jug_green.png using Guid(a0669aa98aee3634e9532dfe8ea1d4ab) Importer(815301076,1909f56bfc062723c751e8b465ee728b)  -> (artifact id: '3d7eed611a4db3edca76280e2a091e94') in 0.014203 seconds
  Import took 0.015801 seconds .

========================================================================
Received Import Request.
  Time since last request: 0.001032 seconds.
  path: Assets/package_potions_512x/potion_icons_256x/256x_beaker_glas.png
  artifactKey: Guid(ab7b4f72dc459284d965e73299cf0d77) Importer(815301076,1909f56bfc062723c751e8b465ee728b)
Start importing Assets/package_potions_512x/potion_icons_256x/256x_beaker_glas.png using Guid(ab7b4f72dc459284d965e73299cf0d77) Importer(815301076,1909f56bfc062723c751e8b465ee728b)  -> (artifact id: '347e56104303328e36d72eeac8788835') in 0.013824 seconds
  Import took 0.015386 seconds .

========================================================================
Received Import Request.
  Time since last request: 0.001069 seconds.
  path: Assets/package_potions_512x/potion_icons_256x/256x_bottle2_blue.png
  artifactKey: Guid(e384923ad8f46004398b561f05e81935) Importer(815301076,1909f56bfc062723c751e8b465ee728b)
Start importing Assets/package_potions_512x/potion_icons_256x/256x_bottle2_blue.png using Guid(e384923ad8f46004398b561f05e81935) Importer(815301076,1909f56bfc062723c751e8b465ee728b)  -> (artifact id: '613c50ae121217afb843c31de7eac167') in 0.015834 seconds
  Import took 0.017565 seconds .

========================================================================
Received Import Request.
  Time since last request: 0.001016 seconds.
  path: Assets/package_potions_512x/potion_icons_256x/256x_flask_green.png
  artifactKey: Guid(9ee2b17f70242f245b1cb9a8f073635e) Importer(815301076,1909f56bfc062723c751e8b465ee728b)
Start importing Assets/package_potions_512x/potion_icons_256x/256x_flask_green.png using Guid(9ee2b17f70242f245b1cb9a8f073635e) Importer(815301076,1909f56bfc062723c751e8b465ee728b)  -> (artifact id: '6455dee742e30340a2a86e13708a442f') in 0.013926 seconds
  Import took 0.015639 seconds .

========================================================================
Received Import Request.
  Time since last request: 0.001033 seconds.
  path: Assets/package_potions_512x/potion_icons_256x/256x_flask2_OL_blue-copy.png
  artifactKey: Guid(87e62b5b1e2834c44b0f8807023528ad) Importer(815301076,1909f56bfc062723c751e8b465ee728b)
Start importing Assets/package_potions_512x/potion_icons_256x/256x_flask2_OL_blue-copy.png using Guid(87e62b5b1e2834c44b0f8807023528ad) Importer(815301076,1909f56bfc062723c751e8b465ee728b)  -> (artifact id: '5c8bee70704f8cafc2620dc5b5f0d1a6') in 0.015448 seconds
  Import took 0.017275 seconds .

========================================================================
Received Import Request.
  Time since last request: 0.001111 seconds.
  path: Assets/package_potions_512x/potion_icons_256x/256x_vial_green.png
  artifactKey: Guid(8339dd0ccac10c14e917a1e280284685) Importer(815301076,1909f56bfc062723c751e8b465ee728b)
Start importing Assets/package_potions_512x/potion_icons_256x/256x_vial_green.png using Guid(8339dd0ccac10c14e917a1e280284685) Importer(815301076,1909f56bfc062723c751e8b465ee728b)  -> (artifact id: '328e8531cd9f509e7c464c1e5f6aee51') in 0.014557 seconds
  Import took 0.016196 seconds .

========================================================================
Received Import Request.
  Time since last request: 0.001054 seconds.
  path: Assets/package_potions_512x/potion_icons_256x/256x_urn_green.png
  artifactKey: Guid(f70070c5968f908439b52d7f1e5cbe87) Importer(815301076,1909f56bfc062723c751e8b465ee728b)
Start importing Assets/package_potions_512x/potion_icons_256x/256x_urn_green.png using Guid(f70070c5968f908439b52d7f1e5cbe87) Importer(815301076,1909f56bfc062723c751e8b465ee728b)  -> (artifact id: '3eccd0ba76ab2b1ab05f2f0912ffec4a') in 0.013806 seconds
  Import took 0.015369 seconds .

========================================================================
Received Import Request.
  Time since last request: 0.001022 seconds.
  path: Assets/package_potions_512x/potion_icons_256x/256x_beaker_green.png
  artifactKey: Guid(0b53a5b5845561e45998eebd3365f0be) Importer(815301076,1909f56bfc062723c751e8b465ee728b)
Start importing Assets/package_potions_512x/potion_icons_256x/256x_beaker_green.png using Guid(0b53a5b5845561e45998eebd3365f0be) Importer(815301076,1909f56bfc062723c751e8b465ee728b)  -> (artifact id: 'f3076967b20bbd541d4bff5f177072ee') in 0.014290 seconds
  Import took 0.016919 seconds .

========================================================================
Received Import Request.
  Time since last request: 0.001051 seconds.
  path: Assets/package_potions_512x/potion_icons_256x/256x_bottle2_green.png
  artifactKey: Guid(12b7c91fb49c08f45b610f4cc23a502e) Importer(815301076,1909f56bfc062723c751e8b465ee728b)
Start importing Assets/package_potions_512x/potion_icons_256x/256x_bottle2_green.png using Guid(12b7c91fb49c08f45b610f4cc23a502e) Importer(815301076,1909f56bfc062723c751e8b465ee728b)  -> (artifact id: '4a296f13c9762e820f2c044a6dccaa89') in 0.014290 seconds
  Import took 0.015951 seconds .

========================================================================
Received Import Request.
  Time since last request: 0.001028 seconds.
  path: Assets/package_potions_512x/potion_icons_256x/256x_jug_empty.png
  artifactKey: Guid(5be1c26a0b3d2e24483c805fe846a535) Importer(815301076,1909f56bfc062723c751e8b465ee728b)
Start importing Assets/package_potions_512x/potion_icons_256x/256x_jug_empty.png using Guid(5be1c26a0b3d2e24483c805fe846a535) Importer(815301076,1909f56bfc062723c751e8b465ee728b)  -> (artifact id: '27b0d89e394aca6dfd1144deb1b0641f') in 0.013897 seconds
  Import took 0.015470 seconds .

========================================================================
Received Import Request.
  Time since last request: 0.001090 seconds.
  path: Assets/package_potions_512x/potion_icons_256x/256x_bottle_OL_glass.png
  artifactKey: Guid(046658fd6511c004091dd7558b01d31b) Importer(815301076,1909f56bfc062723c751e8b465ee728b)
Start importing Assets/package_potions_512x/potion_icons_256x/256x_bottle_OL_glass.png using Guid(046658fd6511c004091dd7558b01d31b) Importer(815301076,1909f56bfc062723c751e8b465ee728b)  -> (artifact id: 'a6cd3be20084d4a3c0c57264d3cd9ee5') in 0.014162 seconds
  Import took 0.016073 seconds .

========================================================================
Received Import Request.
  Time since last request: 0.001045 seconds.
  path: Assets/package_potions_512x/potion_icons_256x/256x_vial_red.png
  artifactKey: Guid(1596ce10979230c4eba5169c4c90f895) Importer(815301076,1909f56bfc062723c751e8b465ee728b)
Start importing Assets/package_potions_512x/potion_icons_256x/256x_vial_red.png using Guid(1596ce10979230c4eba5169c4c90f895) Importer(815301076,1909f56bfc062723c751e8b465ee728b)  -> (artifact id: 'bce670aac135d82ebf41ae486259fb6d') in 0.013826 seconds
  Import took 0.015391 seconds .

========================================================================
Received Import Request.
  Time since last request: 0.001029 seconds.
  path: Assets/package_potions_512x/potion_icons_256x/256x_vial_glass.png
  artifactKey: Guid(49acadb58a4039b4ba8c0799f2c31902) Importer(815301076,1909f56bfc062723c751e8b465ee728b)
Start importing Assets/package_potions_512x/potion_icons_256x/256x_vial_glass.png using Guid(49acadb58a4039b4ba8c0799f2c31902) Importer(815301076,1909f56bfc062723c751e8b465ee728b)  -> (artifact id: 'b1dd344285da4eadfe7fb7c9e2ce711e') in 0.013481 seconds
  Import took 0.015558 seconds .

========================================================================
Received Import Request.
  Time since last request: 82.573335 seconds.
  path: Assets/Script/UI_Inventory.cs
  artifactKey: Guid(64ce1e9fe3d7d9c46965fb8323851788) Importer(815301076,1909f56bfc062723c751e8b465ee728b)
Start importing Assets/Script/UI_Inventory.cs using Guid(64ce1e9fe3d7d9c46965fb8323851788) Importer(815301076,1909f56bfc062723c751e8b465ee728b)  -> (artifact id: '4c5f4ffc7edaffc34b98cb4cfa8a4c0c') in 0.005790 seconds
  Import took 0.007974 seconds .

========================================================================
Received Import Request.
  Time since last request: 143.853170 seconds.
  path: Assets/Script/UI_Inventory.cs
  artifactKey: Guid(64ce1e9fe3d7d9c46965fb8323851788) Importer(815301076,1909f56bfc062723c751e8b465ee728b)
Start importing Assets/Script/UI_Inventory.cs using Guid(64ce1e9fe3d7d9c46965fb8323851788) Importer(815301076,1909f56bfc062723c751e8b465ee728b)  -> (artifact id: '14241eb9f60b4e96406a36a50db5bbd3') in 0.004772 seconds
  Import took 0.006921 seconds .

========================================================================
Received Import Request.
  Time since last request: 0.008396 seconds.
  path: Assets/Script/UI_Inventory.cs
  artifactKey: Guid(64ce1e9fe3d7d9c46965fb8323851788) Importer(815301076,1909f56bfc062723c751e8b465ee728b)
Start importing Assets/Script/UI_Inventory.cs using Guid(64ce1e9fe3d7d9c46965fb8323851788) Importer(815301076,1909f56bfc062723c751e8b465ee728b)  -> (artifact id: '14241eb9f60b4e96406a36a50db5bbd3') in 0.005237 seconds
  Import took 0.007383 seconds .

========================================================================
Received Prepare
Registering precompiled user dll's ...
Registered in 0.000442 seconds.
Begin MonoManager ReloadAssembly
Native extension for WindowsStandalone target not found
Refreshing native plugins compatible for Editor in 0.19 ms, found 0 plugins.
Preloading 0 native plugins for Editor in 0.00 ms.
Invoked RoslynAnalysisRunner static constructor.
RoslynAnalysisRunner will not be running.
RoslynAnalysisRunner has terminated.
Mono: successfully reloaded assembly
- Completed reload, in  0.748 seconds
Platform modules already initialized, skipping
Refreshing native plugins compatible for Editor in 0.20 ms, found 0 plugins.
Preloading 0 native plugins for Editor in 0.00 ms.
Unloading 1277 Unused Serialized files (Serialized files now loaded: 0)
System memory in use before: 77.9 MB.
System memory in use after: 78.0 MB.

Unloading 6 unused Assets to reduce memory usage. Loaded Objects now: 1767.
Total: 1.500900 ms (FindLiveObjects: 0.107000 ms CreateObjectMapping: 0.029300 ms MarkObjects: 1.301200 ms  DeleteObjects: 0.062400 ms)

========================================================================
Received Prepare
Registering precompiled user dll's ...
Registered in 0.000409 seconds.
Begin MonoManager ReloadAssembly
Native extension for WindowsStandalone target not found
Refreshing native plugins compatible for Editor in 0.20 ms, found 0 plugins.
Preloading 0 native plugins for Editor in 0.00 ms.
Invoked RoslynAnalysisRunner static constructor.
RoslynAnalysisRunner will not be running.
RoslynAnalysisRunner has terminated.
Mono: successfully reloaded assembly
- Completed reload, in  0.759 seconds
Platform modules already initialized, skipping
Refreshing native plugins compatible for Editor in 0.20 ms, found 0 plugins.
Preloading 0 native plugins for Editor in 0.00 ms.
Unloading 1277 Unused Serialized files (Serialized files now loaded: 0)
System memory in use before: 77.9 MB.
System memory in use after: 78.0 MB.

Unloading 6 unused Assets to reduce memory usage. Loaded Objects now: 1770.
Total: 1.510100 ms (FindLiveObjects: 0.128000 ms CreateObjectMapping: 0.036100 ms MarkObjects: 1.271300 ms  DeleteObjects: 0.073800 ms)

========================================================================
Received Prepare
Registering precompiled user dll's ...
Registered in 0.000429 seconds.
Begin MonoManager ReloadAssembly
Native extension for WindowsStandalone target not found
Refreshing native plugins compatible for Editor in 0.20 ms, found 0 plugins.
Preloading 0 native plugins for Editor in 0.00 ms.
Invoked RoslynAnalysisRunner static constructor.
RoslynAnalysisRunner will not be running.
RoslynAnalysisRunner has terminated.
Mono: successfully reloaded assembly
- Completed reload, in  0.752 seconds
Platform modules already initialized, skipping
Refreshing native plugins compatible for Editor in 0.21 ms, found 0 plugins.
Preloading 0 native plugins for Editor in 0.00 ms.
Unloading 1277 Unused Serialized files (Serialized files now loaded: 0)
System memory in use before: 77.9 MB.
System memory in use after: 78.0 MB.

Unloading 6 unused Assets to reduce memory usage. Loaded Objects now: 1773.
Total: 1.315900 ms (FindLiveObjects: 0.109900 ms CreateObjectMapping: 0.030600 ms MarkObjects: 1.121400 ms  DeleteObjects: 0.053100 ms)

========================================================================
Received Prepare
Registering precompiled user dll's ...
Registered in 0.000417 seconds.
Begin MonoManager ReloadAssembly
Native extension for WindowsStandalone target not found
Refreshing native plugins compatible for Editor in 0.19 ms, found 0 plugins.
Preloading 0 native plugins for Editor in 0.00 ms.
Invoked RoslynAnalysisRunner static constructor.
RoslynAnalysisRunner will not be running.
RoslynAnalysisRunner has terminated.
Mono: successfully reloaded assembly
- Completed reload, in  0.710 seconds
Platform modules already initialized, skipping
Refreshing native plugins compatible for Editor in 0.19 ms, found 0 plugins.
Preloading 0 native plugins for Editor in 0.00 ms.
Unloading 1277 Unused Serialized files (Serialized files now loaded: 0)
System memory in use before: 78.0 MB.
System memory in use after: 78.0 MB.

Unloading 6 unused Assets to reduce memory usage. Loaded Objects now: 1776.
Total: 1.874600 ms (FindLiveObjects: 0.126900 ms CreateObjectMapping: 0.037000 ms MarkObjects: 1.658500 ms  DeleteObjects: 0.051100 ms)

========================================================================
Received Import Request.
  Time since last request: 796.798121 seconds.
  path: Assets/Script/Inventory.cs
  artifactKey: Guid(4b7e6475c6cea5a45a7f3dcde2786a68) Importer(815301076,1909f56bfc062723c751e8b465ee728b)
Start importing Assets/Script/Inventory.cs using Guid(4b7e6475c6cea5a45a7f3dcde2786a68) Importer(815301076,1909f56bfc062723c751e8b465ee728b)  -> (artifact id: '6b8c0b500c8c90805fec65933a10c34f') in 0.006589 seconds
  Import took 0.008307 seconds .

========================================================================
Received Import Request.
  Time since last request: 0.001096 seconds.
  path: Assets/Script/Inventory.cs
  artifactKey: Guid(4b7e6475c6cea5a45a7f3dcde2786a68) Importer(815301076,1909f56bfc062723c751e8b465ee728b)
Start importing Assets/Script/Inventory.cs using Guid(4b7e6475c6cea5a45a7f3dcde2786a68) Importer(815301076,1909f56bfc062723c751e8b465ee728b)  -> (artifact id: '6b8c0b500c8c90805fec65933a10c34f') in 0.004725 seconds
  Import took 0.006681 seconds .

========================================================================
Received Prepare
Registering precompiled user dll's ...
Registered in 0.000431 seconds.
Begin MonoManager ReloadAssembly
Native extension for WindowsStandalone target not found
Refreshing native plugins compatible for Editor in 0.20 ms, found 0 plugins.
Preloading 0 native plugins for Editor in 0.00 ms.
Invoked RoslynAnalysisRunner static constructor.
RoslynAnalysisRunner will not be running.
RoslynAnalysisRunner has terminated.
Mono: successfully reloaded assembly
- Completed reload, in  0.719 seconds
Platform modules already initialized, skipping
Refreshing native plugins compatible for Editor in 0.20 ms, found 0 plugins.
Preloading 0 native plugins for Editor in 0.00 ms.
Unloading 1277 Unused Serialized files (Serialized files now loaded: 0)
System memory in use before: 78.0 MB.
System memory in use after: 78.0 MB.

Unloading 6 unused Assets to reduce memory usage. Loaded Objects now: 1779.
Total: 1.252600 ms (FindLiveObjects: 0.115000 ms CreateObjectMapping: 0.033000 ms MarkObjects: 1.056300 ms  DeleteObjects: 0.047600 ms)

========================================================================
Received Prepare
Registering precompiled user dll's ...
Registered in 0.000438 seconds.
Begin MonoManager ReloadAssembly
Native extension for WindowsStandalone target not found
Refreshing native plugins compatible for Editor in 0.19 ms, found 0 plugins.
Preloading 0 native plugins for Editor in 0.00 ms.
Invoked RoslynAnalysisRunner static constructor.
RoslynAnalysisRunner will not be running.
RoslynAnalysisRunner has terminated.
Mono: successfully reloaded assembly
- Completed reload, in  0.721 seconds
Platform modules already initialized, skipping
Refreshing native plugins compatible for Editor in 0.22 ms, found 0 plugins.
Preloading 0 native plugins for Editor in 0.00 ms.
Unloading 1277 Unused Serialized files (Serialized files now loaded: 0)
System memory in use before: 78.0 MB.
System memory in use after: 78.0 MB.

Unloading 6 unused Assets to reduce memory usage. Loaded Objects now: 1782.
Total: 2.019700 ms (FindLiveObjects: 0.148800 ms CreateObjectMapping: 0.040600 ms MarkObjects: 1.771600 ms  DeleteObjects: 0.057700 ms)

========================================================================
Received Prepare
Registering precompiled user dll's ...
Registered in 0.000441 seconds.
Begin MonoManager ReloadAssembly
Native extension for WindowsStandalone target not found
Refreshing native plugins compatible for Editor in 0.20 ms, found 0 plugins.
Preloading 0 native plugins for Editor in 0.00 ms.
Invoked RoslynAnalysisRunner static constructor.
RoslynAnalysisRunner will not be running.
RoslynAnalysisRunner has terminated.
Mono: successfully reloaded assembly
- Completed reload, in  0.708 seconds
Platform modules already initialized, skipping
Refreshing native plugins compatible for Editor in 0.19 ms, found 0 plugins.
Preloading 0 native plugins for Editor in 0.00 ms.
Unloading 1277 Unused Serialized files (Serialized files now loaded: 0)
System memory in use before: 78.0 MB.
System memory in use after: 78.1 MB.

Unloading 6 unused Assets to reduce memory usage. Loaded Objects now: 1785.
Total: 1.285900 ms (FindLiveObjects: 0.113000 ms CreateObjectMapping: 0.034300 ms MarkObjects: 1.093400 ms  DeleteObjects: 0.044600 ms)

========================================================================
Received Prepare
Registering precompiled user dll's ...
Registered in 0.000414 seconds.
Begin MonoManager ReloadAssembly
Native extension for WindowsStandalone target not found
Refreshing native plugins compatible for Editor in 0.20 ms, found 0 plugins.
Preloading 0 native plugins for Editor in 0.00 ms.
Invoked RoslynAnalysisRunner static constructor.
RoslynAnalysisRunner will not be running.
RoslynAnalysisRunner has terminated.
Mono: successfully reloaded assembly
- Completed reload, in  0.738 seconds
Platform modules already initialized, skipping
Refreshing native plugins compatible for Editor in 0.20 ms, found 0 plugins.
Preloading 0 native plugins for Editor in 0.00 ms.
Unloading 1277 Unused Serialized files (Serialized files now loaded: 0)
System memory in use before: 78.0 MB.
System memory in use after: 78.1 MB.

Unloading 6 unused Assets to reduce memory usage. Loaded Objects now: 1788.
Total: 1.310500 ms (FindLiveObjects: 0.121000 ms CreateObjectMapping: 0.035800 ms MarkObjects: 1.103600 ms  DeleteObjects: 0.049400 ms)

========================================================================
Received Prepare
Registering precompiled user dll's ...
Registered in 0.000405 seconds.
Begin MonoManager ReloadAssembly
Native extension for WindowsStandalone target not found
Refreshing native plugins compatible for Editor in 0.20 ms, found 0 plugins.
Preloading 0 native plugins for Editor in 0.00 ms.
Invoked RoslynAnalysisRunner static constructor.
RoslynAnalysisRunner will not be running.
RoslynAnalysisRunner has terminated.
Mono: successfully reloaded assembly
- Completed reload, in  0.692 seconds
Platform modules already initialized, skipping
Refreshing native plugins compatible for Editor in 0.19 ms, found 0 plugins.
Preloading 0 native plugins for Editor in 0.00 ms.
Unloading 1277 Unused Serialized files (Serialized files now loaded: 0)
System memory in use before: 78.0 MB.
System memory in use after: 78.1 MB.

Unloading 6 unused Assets to reduce memory usage. Loaded Objects now: 1791.
Total: 1.339500 ms (FindLiveObjects: 0.111600 ms CreateObjectMapping: 0.030400 ms MarkObjects: 1.147700 ms  DeleteObjects: 0.048700 ms)

========================================================================
Received Prepare
Registering precompiled user dll's ...
Registered in 0.000411 seconds.
Begin MonoManager ReloadAssembly
Native extension for WindowsStandalone target not found
Refreshing native plugins compatible for Editor in 0.21 ms, found 0 plugins.
Preloading 0 native plugins for Editor in 0.00 ms.
Invoked RoslynAnalysisRunner static constructor.
RoslynAnalysisRunner will not be running.
RoslynAnalysisRunner has terminated.
Mono: successfully reloaded assembly
- Completed reload, in  0.748 seconds
Platform modules already initialized, skipping
Refreshing native plugins compatible for Editor in 0.19 ms, found 0 plugins.
Preloading 0 native plugins for Editor in 0.00 ms.
Unloading 1277 Unused Serialized files (Serialized files now loaded: 0)
System memory in use before: 78.0 MB.
System memory in use after: 78.1 MB.

Unloading 6 unused Assets to reduce memory usage. Loaded Objects now: 1794.
Total: 1.707600 ms (FindLiveObjects: 0.202100 ms CreateObjectMapping: 0.046400 ms MarkObjects: 1.385300 ms  DeleteObjects: 0.072700 ms)

========================================================================
Received Prepare
Registering precompiled user dll's ...
Registered in 0.000671 seconds.
Begin MonoManager ReloadAssembly
Native extension for WindowsStandalone target not found
Refreshing native plugins compatible for Editor in 0.20 ms, found 0 plugins.
Preloading 0 native plugins for Editor in 0.00 ms.
Invoked RoslynAnalysisRunner static constructor.
RoslynAnalysisRunner will not be running.
RoslynAnalysisRunner has terminated.
Mono: successfully reloaded assembly
- Completed reload, in  0.747 seconds
Platform modules already initialized, skipping
Refreshing native plugins compatible for Editor in 0.20 ms, found 0 plugins.
Preloading 0 native plugins for Editor in 0.00 ms.
Unloading 1277 Unused Serialized files (Serialized files now loaded: 0)
System memory in use before: 78.0 MB.
System memory in use after: 78.1 MB.

Unloading 6 unused Assets to reduce memory usage. Loaded Objects now: 1797.
Total: 1.352500 ms (FindLiveObjects: 0.137700 ms CreateObjectMapping: 0.076100 ms MarkObjects: 1.088800 ms  DeleteObjects: 0.049100 ms)

========================================================================
Received Prepare
Registering precompiled user dll's ...
Registered in 0.000522 seconds.
Begin MonoManager ReloadAssembly
Native extension for WindowsStandalone target not found
Refreshing native plugins compatible for Editor in 0.20 ms, found 0 plugins.
Preloading 0 native plugins for Editor in 0.00 ms.
Invoked RoslynAnalysisRunner static constructor.
RoslynAnalysisRunner will not be running.
RoslynAnalysisRunner has terminated.
Mono: successfully reloaded assembly
- Completed reload, in  0.757 seconds
Platform modules already initialized, skipping
Refreshing native plugins compatible for Editor in 0.20 ms, found 0 plugins.
Preloading 0 native plugins for Editor in 0.00 ms.
Unloading 1277 Unused Serialized files (Serialized files now loaded: 0)
System memory in use before: 78.0 MB.
System memory in use after: 78.1 MB.

Unloading 6 unused Assets to reduce memory usage. Loaded Objects now: 1800.
Total: 1.845000 ms (FindLiveObjects: 0.176000 ms CreateObjectMapping: 0.048700 ms MarkObjects: 1.542500 ms  DeleteObjects: 0.076800 ms)

========================================================================
Received Prepare
Registering precompiled user dll's ...
Registered in 0.000534 seconds.
Begin MonoManager ReloadAssembly
Native extension for WindowsStandalone target not found
Refreshing native plugins compatible for Editor in 0.20 ms, found 0 plugins.
Preloading 0 native plugins for Editor in 0.00 ms.
Invoked RoslynAnalysisRunner static constructor.
RoslynAnalysisRunner will not be running.
RoslynAnalysisRunner has terminated.
Mono: successfully reloaded assembly
- Completed reload, in  0.721 seconds
Platform modules already initialized, skipping
Refreshing native plugins compatible for Editor in 0.19 ms, found 0 plugins.
Preloading 0 native plugins for Editor in 0.00 ms.
Unloading 1277 Unused Serialized files (Serialized files now loaded: 0)
System memory in use before: 78.0 MB.
System memory in use after: 78.1 MB.

Unloading 6 unused Assets to reduce memory usage. Loaded Objects now: 1803.
Total: 1.318900 ms (FindLiveObjects: 0.146800 ms CreateObjectMapping: 0.038900 ms MarkObjects: 1.083000 ms  DeleteObjects: 0.049300 ms)

========================================================================
Received Prepare
Registering precompiled user dll's ...
Registered in 0.000413 seconds.
Begin MonoManager ReloadAssembly
Native extension for WindowsStandalone target not found
Refreshing native plugins compatible for Editor in 0.20 ms, found 0 plugins.
Preloading 0 native plugins for Editor in 0.00 ms.
Invoked RoslynAnalysisRunner static constructor.
RoslynAnalysisRunner will not be running.
RoslynAnalysisRunner has terminated.
Mono: successfully reloaded assembly
- Completed reload, in  0.752 seconds
Platform modules already initialized, skipping
Refreshing native plugins compatible for Editor in 0.19 ms, found 0 plugins.
Preloading 0 native plugins for Editor in 0.00 ms.
Unloading 1277 Unused Serialized files (Serialized files now loaded: 0)
System memory in use before: 78.0 MB.
System memory in use after: 78.1 MB.

Unloading 6 unused Assets to reduce memory usage. Loaded Objects now: 1806.
Total: 1.386500 ms (FindLiveObjects: 0.121900 ms CreateObjectMapping: 0.037400 ms MarkObjects: 1.176000 ms  DeleteObjects: 0.050500 ms)

========================================================================
Received Prepare
Registering precompiled user dll's ...
Registered in 0.000376 seconds.
Begin MonoManager ReloadAssembly
Native extension for WindowsStandalone target not found
Refreshing native plugins compatible for Editor in 0.20 ms, found 0 plugins.
Preloading 0 native plugins for Editor in 0.00 ms.
Invoked RoslynAnalysisRunner static constructor.
RoslynAnalysisRunner will not be running.
RoslynAnalysisRunner has terminated.
Mono: successfully reloaded assembly
- Completed reload, in  0.748 seconds
Platform modules already initialized, skipping
Refreshing native plugins compatible for Editor in 0.19 ms, found 0 plugins.
Preloading 0 native plugins for Editor in 0.00 ms.
Unloading 1277 Unused Serialized files (Serialized files now loaded: 0)
System memory in use before: 78.0 MB.
System memory in use after: 78.1 MB.

Unloading 6 unused Assets to reduce memory usage. Loaded Objects now: 1809.
Total: 1.244300 ms (FindLiveObjects: 0.130200 ms CreateObjectMapping: 0.033000 ms MarkObjects: 1.032700 ms  DeleteObjects: 0.047600 ms)

========================================================================
Received Prepare
Registering precompiled user dll's ...
Registered in 0.000582 seconds.
Begin MonoManager ReloadAssembly
Native extension for WindowsStandalone target not found
Refreshing native plugins compatible for Editor in 0.20 ms, found 0 plugins.
Preloading 0 native plugins for Editor in 0.00 ms.
Invoked RoslynAnalysisRunner static constructor.
RoslynAnalysisRunner will not be running.
RoslynAnalysisRunner has terminated.
Mono: successfully reloaded assembly
- Completed reload, in  0.778 seconds
Platform modules already initialized, skipping
Refreshing native plugins compatible for Editor in 0.20 ms, found 0 plugins.
Preloading 0 native plugins for Editor in 0.00 ms.
Unloading 1277 Unused Serialized files (Serialized files now loaded: 0)
System memory in use before: 78.0 MB.
System memory in use after: 78.1 MB.

Unloading 6 unused Assets to reduce memory usage. Loaded Objects now: 1812.
Total: 1.620100 ms (FindLiveObjects: 0.195500 ms CreateObjectMapping: 0.068300 ms MarkObjects: 1.296200 ms  DeleteObjects: 0.059100 ms)

========================================================================
Received Prepare
Registering precompiled user dll's ...
Registered in 0.000418 seconds.
Begin MonoManager ReloadAssembly
Native extension for WindowsStandalone target not found
Refreshing native plugins compatible for Editor in 0.20 ms, found 0 plugins.
Preloading 0 native plugins for Editor in 0.00 ms.
Invoked RoslynAnalysisRunner static constructor.
RoslynAnalysisRunner will not be running.
RoslynAnalysisRunner has terminated.
Mono: successfully reloaded assembly
- Completed reload, in  0.760 seconds
Platform modules already initialized, skipping
Refreshing native plugins compatible for Editor in 0.19 ms, found 0 plugins.
Preloading 0 native plugins for Editor in 0.00 ms.
Unloading 1277 Unused Serialized files (Serialized files now loaded: 0)
System memory in use before: 78.0 MB.
System memory in use after: 78.1 MB.

Unloading 6 unused Assets to reduce memory usage. Loaded Objects now: 1815.
Total: 1.371200 ms (FindLiveObjects: 0.200000 ms CreateObjectMapping: 0.048800 ms MarkObjects: 1.074900 ms  DeleteObjects: 0.046800 ms)

========================================================================
Received Prepare
Registering precompiled user dll's ...
Registered in 0.000388 seconds.
Begin MonoManager ReloadAssembly
Native extension for WindowsStandalone target not found
Refreshing native plugins compatible for Editor in 0.19 ms, found 0 plugins.
Preloading 0 native plugins for Editor in 0.00 ms.
Invoked RoslynAnalysisRunner static constructor.
RoslynAnalysisRunner will not be running.
RoslynAnalysisRunner has terminated.
Mono: successfully reloaded assembly
- Completed reload, in  0.765 seconds
Platform modules already initialized, skipping
Refreshing native plugins compatible for Editor in 2.10 ms, found 0 plugins.
Preloading 0 native plugins for Editor in 0.00 ms.
Unloading 1277 Unused Serialized files (Serialized files now loaded: 0)
System memory in use before: 78.0 MB.
System memory in use after: 78.1 MB.

Unloading 6 unused Assets to reduce memory usage. Loaded Objects now: 1818.
Total: 1.435200 ms (FindLiveObjects: 0.204800 ms CreateObjectMapping: 0.051300 ms MarkObjects: 1.124500 ms  DeleteObjects: 0.053700 ms)

========================================================================
Received Prepare
Registering precompiled user dll's ...
Registered in 0.000500 seconds.
Begin MonoManager ReloadAssembly
Native extension for WindowsStandalone target not found
Refreshing native plugins compatible for Editor in 0.20 ms, found 0 plugins.
Preloading 0 native plugins for Editor in 0.00 ms.
Invoked RoslynAnalysisRunner static constructor.
RoslynAnalysisRunner will not be running.
RoslynAnalysisRunner has terminated.
Mono: successfully reloaded assembly
- Completed reload, in  0.709 seconds
Platform modules already initialized, skipping
Refreshing native plugins compatible for Editor in 0.19 ms, found 0 plugins.
Preloading 0 native plugins for Editor in 0.00 ms.
Unloading 1277 Unused Serialized files (Serialized files now loaded: 0)
System memory in use before: 78.0 MB.
System memory in use after: 78.1 MB.

Unloading 6 unused Assets to reduce memory usage. Loaded Objects now: 1821.
Total: 1.240000 ms (FindLiveObjects: 0.108500 ms CreateObjectMapping: 0.032900 ms MarkObjects: 1.052100 ms  DeleteObjects: 0.045900 ms)

========================================================================
Received Prepare
Registering precompiled user dll's ...
Registered in 0.000378 seconds.
Begin MonoManager ReloadAssembly
Native extension for WindowsStandalone target not found
Refreshing native plugins compatible for Editor in 0.19 ms, found 0 plugins.
Preloading 0 native plugins for Editor in 0.00 ms.
Invoked RoslynAnalysisRunner static constructor.
RoslynAnalysisRunner will not be running.
RoslynAnalysisRunner has terminated.
Mono: successfully reloaded assembly
- Completed reload, in  0.798 seconds
Platform modules already initialized, skipping
Refreshing native plugins compatible for Editor in 0.20 ms, found 0 plugins.
Preloading 0 native plugins for Editor in 0.00 ms.
Unloading 1277 Unused Serialized files (Serialized files now loaded: 0)
System memory in use before: 78.1 MB.
System memory in use after: 78.1 MB.

Unloading 6 unused Assets to reduce memory usage. Loaded Objects now: 1824.
Total: 1.391200 ms (FindLiveObjects: 0.151400 ms CreateObjectMapping: 0.042800 ms MarkObjects: 1.147100 ms  DeleteObjects: 0.049000 ms)

========================================================================
Received Prepare
Registering precompiled user dll's ...
Registered in 0.000427 seconds.
Begin MonoManager ReloadAssembly
Native extension for WindowsStandalone target not found
Refreshing native plugins compatible for Editor in 0.20 ms, found 0 plugins.
Preloading 0 native plugins for Editor in 0.00 ms.
Invoked RoslynAnalysisRunner static constructor.
RoslynAnalysisRunner will not be running.
RoslynAnalysisRunner has terminated.
Mono: successfully reloaded assembly
- Completed reload, in  0.718 seconds
Platform modules already initialized, skipping
Refreshing native plugins compatible for Editor in 0.21 ms, found 0 plugins.
Preloading 0 native plugins for Editor in 0.00 ms.
Unloading 1277 Unused Serialized files (Serialized files now loaded: 0)
System memory in use before: 78.1 MB.
System memory in use after: 78.1 MB.

Unloading 6 unused Assets to reduce memory usage. Loaded Objects now: 1827.
Total: 1.441300 ms (FindLiveObjects: 0.172600 ms CreateObjectMapping: 0.052200 ms MarkObjects: 1.162500 ms  DeleteObjects: 0.053000 ms)

========================================================================
Received Prepare
Registering precompiled user dll's ...
Registered in 0.000452 seconds.
Begin MonoManager ReloadAssembly
Native extension for WindowsStandalone target not found
Refreshing native plugins compatible for Editor in 0.22 ms, found 0 plugins.
Preloading 0 native plugins for Editor in 0.00 ms.
Invoked RoslynAnalysisRunner static constructor.
RoslynAnalysisRunner will not be running.
RoslynAnalysisRunner has terminated.
Mono: successfully reloaded assembly
- Completed reload, in  0.871 seconds
Platform modules already initialized, skipping
Refreshing native plugins compatible for Editor in 0.20 ms, found 0 plugins.
Preloading 0 native plugins for Editor in 0.00 ms.
Unloading 1277 Unused Serialized files (Serialized files now loaded: 0)
System memory in use before: 78.1 MB.
System memory in use after: 78.1 MB.

Unloading 6 unused Assets to reduce memory usage. Loaded Objects now: 1830.
Total: 1.701000 ms (FindLiveObjects: 0.133900 ms CreateObjectMapping: 0.039500 ms MarkObjects: 1.470700 ms  DeleteObjects: 0.055800 ms)

========================================================================
Received Prepare
Registering precompiled user dll's ...
Registered in 0.000427 seconds.
Begin MonoManager ReloadAssembly
Native extension for WindowsStandalone target not found
Refreshing native plugins compatible for Editor in 0.31 ms, found 0 plugins.
Preloading 0 native plugins for Editor in 0.00 ms.
Invoked RoslynAnalysisRunner static constructor.
RoslynAnalysisRunner will not be running.
RoslynAnalysisRunner has terminated.
Mono: successfully reloaded assembly
- Completed reload, in  0.767 seconds
Platform modules already initialized, skipping
Refreshing native plugins compatible for Editor in 0.20 ms, found 0 plugins.
Preloading 0 native plugins for Editor in 0.00 ms.
Unloading 1277 Unused Serialized files (Serialized files now loaded: 0)
System memory in use before: 78.1 MB.
System memory in use after: 78.1 MB.

Unloading 6 unused Assets to reduce memory usage. Loaded Objects now: 1833.
Total: 1.286000 ms (FindLiveObjects: 0.120200 ms CreateObjectMapping: 0.032200 ms MarkObjects: 1.081200 ms  DeleteObjects: 0.051500 ms)

========================================================================
Received Prepare
Registering precompiled user dll's ...
Registered in 0.000623 seconds.
Begin MonoManager ReloadAssembly
Native extension for WindowsStandalone target not found
Refreshing native plugins compatible for Editor in 0.20 ms, found 0 plugins.
Preloading 0 native plugins for Editor in 0.00 ms.
Invoked RoslynAnalysisRunner static constructor.
RoslynAnalysisRunner will not be running.
RoslynAnalysisRunner has terminated.
Mono: successfully reloaded assembly
- Completed reload, in  0.739 seconds
Platform modules already initialized, skipping
Refreshing native plugins compatible for Editor in 0.21 ms, found 0 plugins.
Preloading 0 native plugins for Editor in 0.00 ms.
Unloading 1277 Unused Serialized files (Serialized files now loaded: 0)
System memory in use before: 78.1 MB.
System memory in use after: 78.2 MB.

Unloading 6 unused Assets to reduce memory usage. Loaded Objects now: 1836.
Total: 1.401800 ms (FindLiveObjects: 0.135800 ms CreateObjectMapping: 0.036700 ms MarkObjects: 1.179800 ms  DeleteObjects: 0.048600 ms)

========================================================================
Received Prepare
Registering precompiled user dll's ...
Registered in 0.000432 seconds.
Begin MonoManager ReloadAssembly
Native extension for WindowsStandalone target not found
Refreshing native plugins compatible for Editor in 0.20 ms, found 0 plugins.
Preloading 0 native plugins for Editor in 0.00 ms.
Invoked RoslynAnalysisRunner static constructor.
RoslynAnalysisRunner will not be running.
RoslynAnalysisRunner has terminated.
Mono: successfully reloaded assembly
- Completed reload, in  0.757 seconds
Platform modules already initialized, skipping
Refreshing native plugins compatible for Editor in 0.20 ms, found 0 plugins.
Preloading 0 native plugins for Editor in 0.00 ms.
Unloading 1277 Unused Serialized files (Serialized files now loaded: 0)
System memory in use before: 78.1 MB.
System memory in use after: 78.2 MB.

Unloading 6 unused Assets to reduce memory usage. Loaded Objects now: 1839.
Total: 1.331600 ms (FindLiveObjects: 0.125000 ms CreateObjectMapping: 0.035700 ms MarkObjects: 1.121100 ms  DeleteObjects: 0.048400 ms)

========================================================================
Received Prepare
Registering precompiled user dll's ...
Registered in 0.000484 seconds.
Begin MonoManager ReloadAssembly
Native extension for WindowsStandalone target not found
Refreshing native plugins compatible for Editor in 0.20 ms, found 0 plugins.
Preloading 0 native plugins for Editor in 0.00 ms.
Invoked RoslynAnalysisRunner static constructor.
RoslynAnalysisRunner will not be running.
RoslynAnalysisRunner has terminated.
Mono: successfully reloaded assembly
- Completed reload, in  0.776 seconds
Platform modules already initialized, skipping
Refreshing native plugins compatible for Editor in 0.19 ms, found 0 plugins.
Preloading 0 native plugins for Editor in 0.00 ms.
Unloading 1277 Unused Serialized files (Serialized files now loaded: 0)
System memory in use before: 78.1 MB.
System memory in use after: 78.2 MB.

Unloading 6 unused Assets to reduce memory usage. Loaded Objects now: 1842.
Total: 1.301000 ms (FindLiveObjects: 0.131800 ms CreateObjectMapping: 0.037200 ms MarkObjects: 1.082300 ms  DeleteObjects: 0.049000 ms)

========================================================================
Received Prepare
Registering precompiled user dll's ...
Registered in 0.000402 seconds.
Begin MonoManager ReloadAssembly
Native extension for WindowsStandalone target not found
Refreshing native plugins compatible for Editor in 0.20 ms, found 0 plugins.
Preloading 0 native plugins for Editor in 0.00 ms.
Invoked RoslynAnalysisRunner static constructor.
RoslynAnalysisRunner will not be running.
RoslynAnalysisRunner has terminated.
Mono: successfully reloaded assembly
- Completed reload, in  0.747 seconds
Platform modules already initialized, skipping
Refreshing native plugins compatible for Editor in 0.20 ms, found 0 plugins.
Preloading 0 native plugins for Editor in 0.00 ms.
Unloading 1277 Unused Serialized files (Serialized files now loaded: 0)
System memory in use before: 78.1 MB.
System memory in use after: 78.2 MB.

Unloading 6 unused Assets to reduce memory usage. Loaded Objects now: 1845.
Total: 1.580500 ms (FindLiveObjects: 0.202400 ms CreateObjectMapping: 0.040800 ms MarkObjects: 1.284600 ms  DeleteObjects: 0.051400 ms)

========================================================================
Received Prepare
Registering precompiled user dll's ...
Registered in 0.000436 seconds.
Begin MonoManager ReloadAssembly
Native extension for WindowsStandalone target not found
Refreshing native plugins compatible for Editor in 0.31 ms, found 0 plugins.
Preloading 0 native plugins for Editor in 0.00 ms.
Invoked RoslynAnalysisRunner static constructor.
RoslynAnalysisRunner will not be running.
RoslynAnalysisRunner has terminated.
Mono: successfully reloaded assembly
- Completed reload, in  0.830 seconds
Platform modules already initialized, skipping
Refreshing native plugins compatible for Editor in 0.24 ms, found 0 plugins.
Preloading 0 native plugins for Editor in 0.00 ms.
Unloading 1277 Unused Serialized files (Serialized files now loaded: 0)
System memory in use before: 78.1 MB.
System memory in use after: 78.2 MB.

Unloading 6 unused Assets to reduce memory usage. Loaded Objects now: 1848.
Total: 1.689600 ms (FindLiveObjects: 0.263500 ms CreateObjectMapping: 0.070400 ms MarkObjects: 1.293700 ms  DeleteObjects: 0.058000 ms)

========================================================================
Received Prepare
Registering precompiled user dll's ...
Registered in 0.000565 seconds.
Begin MonoManager ReloadAssembly
Native extension for WindowsStandalone target not found
Refreshing native plugins compatible for Editor in 0.20 ms, found 0 plugins.
Preloading 0 native plugins for Editor in 0.00 ms.
Invoked RoslynAnalysisRunner static constructor.
RoslynAnalysisRunner will not be running.
RoslynAnalysisRunner has terminated.
Mono: successfully reloaded assembly
- Completed reload, in  0.804 seconds
Platform modules already initialized, skipping
Refreshing native plugins compatible for Editor in 0.19 ms, found 0 plugins.
Preloading 0 native plugins for Editor in 0.00 ms.
Unloading 1277 Unused Serialized files (Serialized files now loaded: 0)
System memory in use before: 78.1 MB.
System memory in use after: 78.2 MB.

Unloading 6 unused Assets to reduce memory usage. Loaded Objects now: 1851.
Total: 1.278000 ms (FindLiveObjects: 0.119300 ms CreateObjectMapping: 0.031100 ms MarkObjects: 1.078000 ms  DeleteObjects: 0.048800 ms)

========================================================================
Received Prepare
Registering precompiled user dll's ...
Registered in 0.000400 seconds.
Begin MonoManager ReloadAssembly
Native extension for WindowsStandalone target not found
Refreshing native plugins compatible for Editor in 0.36 ms, found 0 plugins.
Preloading 0 native plugins for Editor in 0.00 ms.
Invoked RoslynAnalysisRunner static constructor.
RoslynAnalysisRunner will not be running.
RoslynAnalysisRunner has terminated.
Mono: successfully reloaded assembly
- Completed reload, in  0.752 seconds
Platform modules already initialized, skipping
Refreshing native plugins compatible for Editor in 0.39 ms, found 0 plugins.
Preloading 0 native plugins for Editor in 0.00 ms.
Unloading 1277 Unused Serialized files (Serialized files now loaded: 0)
System memory in use before: 78.1 MB.
System memory in use after: 78.2 MB.

Unloading 6 unused Assets to reduce memory usage. Loaded Objects now: 1854.
Total: 1.790100 ms (FindLiveObjects: 0.177700 ms CreateObjectMapping: 0.055200 ms MarkObjects: 1.506900 ms  DeleteObjects: 0.049300 ms)

========================================================================
Received Prepare
Registering precompiled user dll's ...
Registered in 0.000440 seconds.
Begin MonoManager ReloadAssembly
Native extension for WindowsStandalone target not found
Refreshing native plugins compatible for Editor in 0.20 ms, found 0 plugins.
Preloading 0 native plugins for Editor in 0.00 ms.
Invoked RoslynAnalysisRunner static constructor.
RoslynAnalysisRunner will not be running.
RoslynAnalysisRunner has terminated.
Mono: successfully reloaded assembly
- Completed reload, in  0.746 seconds
Platform modules already initialized, skipping
Refreshing native plugins compatible for Editor in 0.21 ms, found 0 plugins.
Preloading 0 native plugins for Editor in 0.00 ms.
Unloading 1277 Unused Serialized files (Serialized files now loaded: 0)
System memory in use before: 78.1 MB.
System memory in use after: 78.2 MB.

Unloading 6 unused Assets to reduce memory usage. Loaded Objects now: 1857.
Total: 1.331400 ms (FindLiveObjects: 0.113100 ms CreateObjectMapping: 0.031400 ms MarkObjects: 1.140500 ms  DeleteObjects: 0.045700 ms)

AssetImportWorkerClient::OnTransportError - code=2 error=End of file
