Using pre-set license
Built from '2020.3/staging' branch; Version is '2020.3.3f1 (76626098c1c4) revision 7758432'; Using compiler version '192528614'; Build Type 'Release'
OS: 'Windows 10 Pro; OS build 19042.1110; Version 2009; 64bit' Language: 'zh' Physical Memory: 32691 MB
BatchMode: 1, IsHumanControllingUs: 0, StartBugReporterOnCrash: 0, Is64bit: 1, IsPro: 0

 COMMAND LINE ARGUMENTS:
C:\Program Files\Unity\Hub\Editor\2020.3.3f1\Editor\Unity.exe
-adb2
-batchMode
-noUpm
-name
AssetImportWorker0
-projectPath
E:/github/Programming-Lab/inventory
-logFile
Logs/AssetImportWorker0.log
-srvPort
57836
Successfully changed project path to: E:/github/Programming-Lab/inventory
E:/github/Programming-Lab/inventory
Using Asset Import Pipeline V2.
Refreshing native plugins compatible for Editor in 26.22 ms, found 0 plugins.
Preloading 0 native plugins for Editor in 0.00 ms.
Initialize engine version: 2020.3.3f1 (76626098c1c4)
[Subsystems] Discovering subsystems at path C:/Program Files/Unity/Hub/Editor/2020.3.3f1/Editor/Data/Resources/UnitySubsystems
[Subsystems] Discovering subsystems at path E:/github/Programming-Lab/inventory/Assets
GfxDevice: creating device client; threaded=0
Direct3D:
    Version:  Direct3D 11.0 [level 11.1]
    Renderer: NVIDIA GeForce RTX 2080 Ti (ID=0x1e07)
    Vendor:   
    VRAM:     11048 MB
    Driver:   27.21.14.6677
Initialize mono
Mono path[0] = 'C:/Program Files/Unity/Hub/Editor/2020.3.3f1/Editor/Data/Managed'
Mono path[1] = 'C:/Program Files/Unity/Hub/Editor/2020.3.3f1/Editor/Data/MonoBleedingEdge/lib/mono/unityjit'
Mono config path = 'C:/Program Files/Unity/Hub/Editor/2020.3.3f1/Editor/Data/MonoBleedingEdge/etc'
Using monoOptions --debugger-agent=transport=dt_socket,embedding=1,server=y,suspend=n,address=127.0.0.1:56712
Begin MonoManager ReloadAssembly
Registering precompiled unity dll's ...
Register platform support module: C:/Program Files/Unity/Hub/Editor/2020.3.3f1/Editor/Data/PlaybackEngines/WindowsStandaloneSupport/UnityEditor.WindowsStandalone.Extensions.dll
Registered in 0.001693 seconds.
Native extension for WindowsStandalone target not found
Refreshing native plugins compatible for Editor in 25.87 ms, found 0 plugins.
Preloading 0 native plugins for Editor in 0.00 ms.
Invoked RoslynAnalysisRunner static constructor.
RoslynAnalysisRunner will not be running.
RoslynAnalysisRunner has terminated.
Mono: successfully reloaded assembly
- Completed reload, in  0.950 seconds
Platform modules already initialized, skipping
Registering precompiled user dll's ...
Registered in 0.000448 seconds.
Begin MonoManager ReloadAssembly
Native extension for WindowsStandalone target not found
Refreshing native plugins compatible for Editor in 0.22 ms, found 0 plugins.
Preloading 0 native plugins for Editor in 0.00 ms.
Invoked RoslynAnalysisRunner static constructor.
RoslynAnalysisRunner will not be running.
RoslynAnalysisRunner has terminated.
Mono: successfully reloaded assembly
- Completed reload, in  0.799 seconds
Platform modules already initialized, skipping
========================================================================
Worker process is ready to serve import requests
Launched and connected shader compiler UnityShaderCompiler.exe after 0.05 seconds
Refreshing native plugins compatible for Editor in 0.23 ms, found 0 plugins.
Preloading 0 native plugins for Editor in 0.00 ms.
Unloading 1236 Unused Serialized files (Serialized files now loaded: 0)
System memory in use before: 67.2 MB.
System memory in use after: 67.2 MB.

Unloading 10 unused Assets to reduce memory usage. Loaded Objects now: 1681.
Total: 2.006300 ms (FindLiveObjects: 0.194000 ms CreateObjectMapping: 0.060000 ms MarkObjects: 1.650100 ms  DeleteObjects: 0.101100 ms)

========================================================================
Received Import Request.
  path: Assets/Inventory/Scripts
  artifactKey: Guid(d2b1912b7cb193c47beb4010278f7978) Importer(815301076,1909f56bfc062723c751e8b465ee728b)
Start importing Assets/Inventory/Scripts using Guid(d2b1912b7cb193c47beb4010278f7978) Importer(815301076,1909f56bfc062723c751e8b465ee728b)  -> (artifact id: '34b54ffdd2a45b4bacbd3e85d241878e') in 0.008484 seconds
  Import took 0.010594 seconds .

========================================================================
Received Import Request.
  Time since last request: 0.001384 seconds.
  path: Assets/Inventory
  artifactKey: Guid(1715d45232aa1a4418f279d9032296d6) Importer(815301076,1909f56bfc062723c751e8b465ee728b)
Start importing Assets/Inventory using Guid(1715d45232aa1a4418f279d9032296d6) Importer(815301076,1909f56bfc062723c751e8b465ee728b)  -> (artifact id: 'f7c6b0a2baef203b9eb839314769732b') in 0.006246 seconds
  Import took 0.007854 seconds .

========================================================================
Received Import Request.
  Time since last request: 6.057008 seconds.
  path: Assets/Inventory/Scripts/Inventory.cs
  artifactKey: Guid(ec78bf983d0718c42ad87c7893bbf77a) Importer(815301076,1909f56bfc062723c751e8b465ee728b)
Start importing Assets/Inventory/Scripts/Inventory.cs using Guid(ec78bf983d0718c42ad87c7893bbf77a) Importer(815301076,1909f56bfc062723c751e8b465ee728b)  -> (artifact id: 'c9e6a22265dffcf76af868aff9a9e792') in 0.035659 seconds
  Import took 0.037179 seconds .

========================================================================
Received Import Request.
  Time since last request: 0.830986 seconds.
  path: Assets/Inventory/Scripts/ItemAssets.cs
  artifactKey: Guid(c688ec10b5421864a86c832955be81f3) Importer(815301076,1909f56bfc062723c751e8b465ee728b)
Start importing Assets/Inventory/Scripts/ItemAssets.cs using Guid(c688ec10b5421864a86c832955be81f3) Importer(815301076,1909f56bfc062723c751e8b465ee728b)  -> (artifact id: 'a92ed3b52251c1e369e8ba7e5b103362') in 0.005933 seconds
  Import took 0.007453 seconds .

========================================================================
Received Import Request.
  Time since last request: 0.607713 seconds.
  path: Assets/Inventory/Scripts/UI_Inventory.cs
  artifactKey: Guid(423c274a982a48543bb34884211b4a95) Importer(815301076,1909f56bfc062723c751e8b465ee728b)
Start importing Assets/Inventory/Scripts/UI_Inventory.cs using Guid(423c274a982a48543bb34884211b4a95) Importer(815301076,1909f56bfc062723c751e8b465ee728b)  -> (artifact id: '91c68baa02b781b3f7fab6f7cb3989b6') in 0.005922 seconds
  Import took 0.007663 seconds .

========================================================================
Received Import Request.
  Time since last request: 0.001936 seconds.
  path: Assets/Inventory/Scripts/UI_Inventory.cs
  artifactKey: Guid(423c274a982a48543bb34884211b4a95) Importer(815301076,1909f56bfc062723c751e8b465ee728b)
Start importing Assets/Inventory/Scripts/UI_Inventory.cs using Guid(423c274a982a48543bb34884211b4a95) Importer(815301076,1909f56bfc062723c751e8b465ee728b)  -> (artifact id: '91c68baa02b781b3f7fab6f7cb3989b6') in 0.005732 seconds
  Import took 0.007418 seconds .

AssetImportWorkerClient::OnTransportError - code=2 error=End of file
